{"/home/travis/build/npmtest/node-npmtest-electron/test.js":{"path":"/home/travis/build/npmtest/node-npmtest-electron/test.js","s":{"1":2,"2":2,"3":2,"4":2,"5":2,"6":2,"7":2,"8":1,"9":2,"10":2,"11":1,"12":1,"13":1,"14":1,"15":2,"16":2,"17":2,"18":2,"19":1,"20":1,"21":2,"22":2,"23":2,"24":1,"25":1,"26":1,"27":1,"28":1,"29":1,"30":1,"31":1,"32":1,"33":1,"34":1,"35":1,"36":1,"37":2,"38":2,"39":1,"40":2,"41":2,"42":1,"43":2,"44":2,"45":1,"46":2,"47":2,"48":1,"49":1,"50":1,"51":1,"52":1},"b":{"1":[2,1,1,1],"2":[1,1,1,1],"3":[1,1],"4":[1,1],"5":[1,1],"6":[1,1],"7":[1,1],"8":[1,1],"9":[1,1,1],"10":[1,1],"11":[1,1],"12":[1,1],"13":[1,1],"14":[1,1],"15":[1,1],"16":[1,1]},"f":{"1":2,"2":2,"3":2,"4":2,"5":2,"6":1,"7":1,"8":2,"9":2,"10":2,"11":2,"12":1},"fnMap":{"1":{"name":"(anonymous_1)","line":12,"loc":{"start":{"line":12,"column":1},"end":{"line":12,"column":13}}},"2":{"name":"(anonymous_2)","line":19,"loc":{"start":{"line":19,"column":5},"end":{"line":19,"column":17}}},"3":{"name":"(anonymous_3)","line":23,"loc":{"start":{"line":23,"column":24},"end":{"line":23,"column":36}}},"4":{"name":"(anonymous_4)","line":61,"loc":{"start":{"line":61,"column":5},"end":{"line":61,"column":17}}},"5":{"name":"(anonymous_5)","line":82,"loc":{"start":{"line":82,"column":5},"end":{"line":82,"column":17}}},"6":{"name":"(anonymous_6)","line":102,"loc":{"start":{"line":102,"column":83},"end":{"line":105,"column":10}},"skip":true},"7":{"name":"(anonymous_7)","line":113,"loc":{"start":{"line":113,"column":77},"end":{"line":116,"column":10}},"skip":true},"8":{"name":"(anonymous_8)","line":129,"loc":{"start":{"line":129,"column":12},"end":{"line":129,"column":40}},"skip":true},"9":{"name":"(anonymous_9)","line":137,"loc":{"start":{"line":137,"column":77},"end":{"line":140,"column":10}},"skip":true},"10":{"name":"(anonymous_10)","line":148,"loc":{"start":{"line":148,"column":83},"end":{"line":151,"column":10}},"skip":true},"11":{"name":"(anonymous_11)","line":159,"loc":{"start":{"line":159,"column":79},"end":{"line":162,"column":10}},"skip":true},"12":{"name":"(anonymous_12)","line":170,"loc":{"start":{"line":170,"column":75},"end":{"line":173,"column":10}},"skip":true}},"statementMap":{"1":{"start":{"line":12,"column":0},"end":{"line":185,"column":5}},"2":{"start":{"line":14,"column":4},"end":{"line":14,"column":14}},"3":{"start":{"line":19,"column":4},"end":{"line":56,"column":9}},"4":{"start":{"line":21,"column":8},"end":{"line":21,"column":19}},"5":{"start":{"line":23,"column":8},"end":{"line":35,"column":13}},"6":{"start":{"line":24,"column":12},"end":{"line":34,"column":13}},"7":{"start":{"line":25,"column":16},"end":{"line":28,"column":30}},"8":{"start":{"line":30,"column":16},"end":{"line":33,"column":27}},"9":{"start":{"line":37,"column":8},"end":{"line":39,"column":21}},"10":{"start":{"line":40,"column":8},"end":{"line":53,"column":9}},"11":{"start":{"line":43,"column":12},"end":{"line":46,"column":14}},"12":{"start":{"line":47,"column":12},"end":{"line":47,"column":18}},"13":{"start":{"line":50,"column":12},"end":{"line":51,"column":46}},"14":{"start":{"line":52,"column":12},"end":{"line":52,"column":18}},"15":{"start":{"line":55,"column":8},"end":{"line":55,"column":35}},"16":{"start":{"line":61,"column":4},"end":{"line":63,"column":9}},"17":{"start":{"line":62,"column":8},"end":{"line":62,"column":15}},"18":{"start":{"line":64,"column":4},"end":{"line":77,"column":5}},"19":{"start":{"line":70,"column":8},"end":{"line":70,"column":14}},"20":{"start":{"line":76,"column":8},"end":{"line":76,"column":14}},"21":{"start":{"line":82,"column":4},"end":{"line":84,"column":9}},"22":{"start":{"line":83,"column":8},"end":{"line":83,"column":15}},"23":{"start":{"line":85,"column":4},"end":{"line":184,"column":5}},"24":{"start":{"line":92,"column":8},"end":{"line":94,"column":63}},"25":{"start":{"line":95,"column":8},"end":{"line":95,"column":14}},"26":{"start":{"line":102,"column":8},"end":{"line":111,"column":10},"skip":true},"27":{"start":{"line":109,"column":12},"end":{"line":109,"column":55},"skip":true},"28":{"start":{"line":110,"column":12},"end":{"line":110,"column":48},"skip":true},"29":{"start":{"line":113,"column":8},"end":{"line":126,"column":10},"skip":true},"30":{"start":{"line":120,"column":12},"end":{"line":120,"column":76},"skip":true},"31":{"start":{"line":121,"column":12},"end":{"line":121,"column":73},"skip":true},"32":{"start":{"line":122,"column":12},"end":{"line":122,"column":74},"skip":true},"33":{"start":{"line":123,"column":12},"end":{"line":123,"column":79},"skip":true},"34":{"start":{"line":124,"column":12},"end":{"line":124,"column":25},"skip":true},"35":{"start":{"line":125,"column":12},"end":{"line":125,"column":45},"skip":true},"36":{"start":{"line":128,"column":8},"end":{"line":135,"column":14},"skip":true},"37":{"start":{"line":133,"column":16},"end":{"line":133,"column":29},"skip":true},"38":{"start":{"line":134,"column":16},"end":{"line":134,"column":55},"skip":true},"39":{"start":{"line":137,"column":8},"end":{"line":146,"column":10},"skip":true},"40":{"start":{"line":144,"column":12},"end":{"line":144,"column":25},"skip":true},"41":{"start":{"line":145,"column":12},"end":{"line":145,"column":45},"skip":true},"42":{"start":{"line":148,"column":8},"end":{"line":157,"column":10},"skip":true},"43":{"start":{"line":155,"column":12},"end":{"line":155,"column":25},"skip":true},"44":{"start":{"line":156,"column":12},"end":{"line":156,"column":48},"skip":true},"45":{"start":{"line":159,"column":8},"end":{"line":168,"column":10},"skip":true},"46":{"start":{"line":166,"column":12},"end":{"line":166,"column":25},"skip":true},"47":{"start":{"line":167,"column":12},"end":{"line":167,"column":46},"skip":true},"48":{"start":{"line":170,"column":8},"end":{"line":179,"column":10},"skip":true},"49":{"start":{"line":177,"column":12},"end":{"line":177,"column":94},"skip":true},"50":{"start":{"line":178,"column":12},"end":{"line":178,"column":48},"skip":true},"51":{"start":{"line":182,"column":8},"end":{"line":182,"column":35},"skip":true},"52":{"start":{"line":183,"column":8},"end":{"line":183,"column":14},"skip":true}},"branchMap":{"1":{"line":25,"type":"binary-expr","locations":[{"start":{"line":25,"column":23},"end":{"line":25,"column":62}},{"start":{"line":26,"column":20},"end":{"line":26,"column":70}},{"start":{"line":27,"column":20},"end":{"line":27,"column":71}},{"start":{"line":28,"column":20},"end":{"line":28,"column":29}}]},"2":{"line":30,"type":"binary-expr","locations":[{"start":{"line":30,"column":23},"end":{"line":30,"column":37}},{"start":{"line":31,"column":20},"end":{"line":31,"column":61}},{"start":{"line":32,"column":20},"end":{"line":32,"column":70}},{"start":{"line":33,"column":20},"end":{"line":33,"column":26}}]},"3":{"line":37,"type":"cond-expr","locations":[{"start":{"line":38,"column":14},"end":{"line":38,"column":20}},{"start":{"line":39,"column":14},"end":{"line":39,"column":20}}]},"4":{"line":40,"type":"switch","locations":[{"start":{"line":42,"column":8},"end":{"line":47,"column":18}},{"start":{"line":49,"column":8},"end":{"line":52,"column":18}}]},"5":{"line":44,"type":"binary-expr","locations":[{"start":{"line":44,"column":16},"end":{"line":44,"column":44}},{"start":{"line":44,"column":48},"end":{"line":44,"column":66}}]},"6":{"line":50,"type":"binary-expr","locations":[{"start":{"line":50,"column":21},"end":{"line":50,"column":49}},{"start":{"line":50,"column":53},"end":{"line":50,"column":72}}]},"7":{"line":64,"type":"switch","locations":[{"start":{"line":69,"column":4},"end":{"line":70,"column":14}},{"start":{"line":75,"column":4},"end":{"line":76,"column":14}}]},"8":{"line":85,"type":"switch","locations":[{"start":{"line":90,"column":4},"end":{"line":95,"column":14}},{"start":{"line":101,"column":4},"end":{"line":183,"column":14},"skip":true}]},"9":{"line":92,"type":"binary-expr","locations":[{"start":{"line":92,"column":18},"end":{"line":92,"column":32}},{"start":{"line":93,"column":12},"end":{"line":93,"column":53}},{"start":{"line":94,"column":12},"end":{"line":94,"column":61}}]},"10":{"line":102,"type":"binary-expr","locations":[{"start":{"line":102,"column":45},"end":{"line":102,"column":79},"skip":true},{"start":{"line":102,"column":83},"end":{"line":111,"column":9},"skip":true}]},"11":{"line":113,"type":"binary-expr","locations":[{"start":{"line":113,"column":42},"end":{"line":113,"column":73},"skip":true},{"start":{"line":113,"column":77},"end":{"line":126,"column":9},"skip":true}]},"12":{"line":128,"type":"binary-expr","locations":[{"start":{"line":128,"column":48},"end":{"line":128,"column":85},"skip":true},{"start":{"line":129,"column":12},"end":{"line":135,"column":13},"skip":true}]},"13":{"line":137,"type":"binary-expr","locations":[{"start":{"line":137,"column":42},"end":{"line":137,"column":73},"skip":true},{"start":{"line":137,"column":77},"end":{"line":146,"column":9},"skip":true}]},"14":{"line":148,"type":"binary-expr","locations":[{"start":{"line":148,"column":45},"end":{"line":148,"column":79},"skip":true},{"start":{"line":148,"column":83},"end":{"line":157,"column":9},"skip":true}]},"15":{"line":159,"type":"binary-expr","locations":[{"start":{"line":159,"column":43},"end":{"line":159,"column":75},"skip":true},{"start":{"line":159,"column":79},"end":{"line":168,"column":9},"skip":true}]},"16":{"line":170,"type":"binary-expr","locations":[{"start":{"line":170,"column":41},"end":{"line":170,"column":71},"skip":true},{"start":{"line":170,"column":75},"end":{"line":179,"column":9},"skip":true}]}},"code":["/* istanbul instrument in package npmtest_electron */","/*jslint","    bitwise: true,","    browser: true,","    maxerr: 8,","    maxlen: 96,","    node: true,","    nomen: true,","    regexp: true,","    stupid: true","*/","(function () {","    'use strict';","    var local;","","","","    // run shared js-env code - pre-init","    (function () {","        // init local","        local = {};","        // init modeJs","        local.modeJs = (function () {","            try {","                return typeof navigator.userAgent === 'string' &&","                    typeof document.querySelector('body') === 'object' &&","                    typeof XMLHttpRequest.prototype.open === 'function' &&","                    'browser';","            } catch (errorCaughtBrowser) {","                return module.exports &&","                    typeof process.versions.node === 'string' &&","                    typeof require('http').createServer === 'function' &&","                    'node';","            }","        }());","        // init global","        local.global = local.modeJs === 'browser'","            ? window","            : global;","        switch (local.modeJs) {","        // re-init local from window.local","        case 'browser':","            local = local.global.utility2.objectSetDefault(","                local.global.utility2_rollup || local.global.local,","                local.global.utility2","            );","            break;","        // re-init local from example.js","        case 'node':","            local = (local.global.utility2_rollup || require('utility2'))","                .requireExampleJsFromReadme();","            break;","        }","        // export local","        local.global.local = local;","    }());","","","","    // run shared js-env code - function","    (function () {","        return;","    }());","    switch (local.modeJs) {","","","","    // run browser js-env code - function","    case 'browser':","        break;","","","","    // run node js-env code - function","    case 'node':","        break;","    }","","","","    // run shared js-env code - post-init","    (function () {","        return;","    }());","    switch (local.modeJs) {","","","","    // run browser js-env code - post-init","    case 'browser':","        // run tests","        local.nop(local.modeTest &&","            document.querySelector('#testRunButton1') &&","            document.querySelector('#testRunButton1').click());","        break;","","","","    // run node js-env code - post-init","    /* istanbul ignore next */","    case 'node':","        local.testCase_buildApidoc_default = local.testCase_buildApidoc_default || function (","            options,","            onError","        ) {","        /*","         * this function will test buildApidoc's default handling-behavior-behavior","         */","            options = { modulePathList: module.paths };","            local.buildApidoc(options, onError);","        };","","        local.testCase_buildApp_default = local.testCase_buildApp_default || function (","            options,","            onError","        ) {","        /*","         * this function will test buildApp's default handling-behavior-behavior","         */","            local.testCase_buildReadme_default(options, local.onErrorThrow);","            local.testCase_buildLib_default(options, local.onErrorThrow);","            local.testCase_buildTest_default(options, local.onErrorThrow);","            local.testCase_buildCustomOrg_default(options, local.onErrorThrow);","            options = [];","            local.buildApp(options, onError);","        };","","        local.testCase_buildCustomOrg_default = local.testCase_buildCustomOrg_default ||","            function (options, onError) {","            /*","             * this function will test buildCustomOrg's default handling-behavior","             */","                options = {};","                local.buildCustomOrg(options, onError);","            };","","        local.testCase_buildLib_default = local.testCase_buildLib_default || function (","            options,","            onError","        ) {","        /*","         * this function will test buildLib's default handling-behavior","         */","            options = {};","            local.buildLib(options, onError);","        };","","        local.testCase_buildReadme_default = local.testCase_buildReadme_default || function (","            options,","            onError","        ) {","        /*","         * this function will test buildReadme's default handling-behavior-behavior","         */","            options = {};","            local.buildReadme(options, onError);","        };","","        local.testCase_buildTest_default = local.testCase_buildTest_default || function (","            options,","            onError","        ) {","        /*","         * this function will test buildTest's default handling-behavior","         */","            options = {};","            local.buildTest(options, onError);","        };","","        local.testCase_webpage_default = local.testCase_webpage_default || function (","            options,","            onError","        ) {","        /*","         * this function will test webpage's default handling-behavior","         */","            options = { modeCoverageMerge: true, url: local.serverLocalHost + '?modeTest=1' };","            local.browserTest(options, onError);","        };","","        // run test-server","        local.testRunServer(local);","        break;","    }","}());",""],"l":{"12":2,"14":2,"19":2,"21":2,"23":2,"24":2,"25":2,"30":1,"37":2,"40":2,"43":1,"47":1,"50":1,"52":1,"55":2,"61":2,"62":2,"64":2,"70":1,"76":1,"82":2,"83":2,"85":2,"92":1,"95":1,"102":1,"109":1,"110":1,"113":1,"120":1,"121":1,"122":1,"123":1,"124":1,"125":1,"128":1,"133":2,"134":2,"137":1,"144":2,"145":2,"148":1,"155":2,"156":2,"159":1,"166":2,"167":2,"170":1,"177":1,"178":1,"182":1,"183":1}},"/home/travis/build/npmtest/node-npmtest-electron/lib.npmtest_electron.js":{"path":"/home/travis/build/npmtest/node-npmtest-electron/lib.npmtest_electron.js","s":{"1":2,"2":2,"3":2,"4":2,"5":2,"6":2,"7":2,"8":1,"9":2,"10":2,"11":2,"12":2,"13":1,"14":1,"15":1,"16":1},"b":{"1":[2,1,1,1],"2":[1,1,1,1],"3":[1,1],"4":[2,2],"5":[1,1]},"f":{"1":2,"2":2,"3":2},"fnMap":{"1":{"name":"(anonymous_1)","line":12,"loc":{"start":{"line":12,"column":1},"end":{"line":12,"column":13}}},"2":{"name":"(anonymous_2)","line":19,"loc":{"start":{"line":19,"column":5},"end":{"line":19,"column":17}}},"3":{"name":"(anonymous_3)","line":23,"loc":{"start":{"line":23,"column":24},"end":{"line":23,"column":36}}}},"statementMap":{"1":{"start":{"line":12,"column":0},"end":{"line":53,"column":5}},"2":{"start":{"line":14,"column":4},"end":{"line":14,"column":14}},"3":{"start":{"line":19,"column":4},"end":{"line":52,"column":9}},"4":{"start":{"line":21,"column":8},"end":{"line":21,"column":19}},"5":{"start":{"line":23,"column":8},"end":{"line":35,"column":13}},"6":{"start":{"line":24,"column":12},"end":{"line":34,"column":13}},"7":{"start":{"line":25,"column":16},"end":{"line":28,"column":30}},"8":{"start":{"line":30,"column":16},"end":{"line":33,"column":27}},"9":{"start":{"line":37,"column":8},"end":{"line":39,"column":21}},"10":{"start":{"line":41,"column":8},"end":{"line":41,"column":54}},"11":{"start":{"line":43,"column":8},"end":{"line":43,"column":53}},"12":{"start":{"line":45,"column":8},"end":{"line":51,"column":9}},"13":{"start":{"line":46,"column":12},"end":{"line":46,"column":59}},"14":{"start":{"line":48,"column":12},"end":{"line":48,"column":35}},"15":{"start":{"line":49,"column":12},"end":{"line":49,"column":49}},"16":{"start":{"line":50,"column":12},"end":{"line":50,"column":43}}},"branchMap":{"1":{"line":25,"type":"binary-expr","locations":[{"start":{"line":25,"column":23},"end":{"line":25,"column":62}},{"start":{"line":26,"column":20},"end":{"line":26,"column":70}},{"start":{"line":27,"column":20},"end":{"line":27,"column":71}},{"start":{"line":28,"column":20},"end":{"line":28,"column":29}}]},"2":{"line":30,"type":"binary-expr","locations":[{"start":{"line":30,"column":23},"end":{"line":30,"column":37}},{"start":{"line":31,"column":20},"end":{"line":31,"column":61}},{"start":{"line":32,"column":20},"end":{"line":32,"column":70}},{"start":{"line":33,"column":20},"end":{"line":33,"column":26}}]},"3":{"line":37,"type":"cond-expr","locations":[{"start":{"line":38,"column":14},"end":{"line":38,"column":20}},{"start":{"line":39,"column":14},"end":{"line":39,"column":20}}]},"4":{"line":41,"type":"binary-expr","locations":[{"start":{"line":41,"column":16},"end":{"line":41,"column":44}},{"start":{"line":41,"column":48},"end":{"line":41,"column":53}}]},"5":{"line":45,"type":"if","locations":[{"start":{"line":45,"column":8},"end":{"line":45,"column":8}},{"start":{"line":45,"column":8},"end":{"line":45,"column":8}}]}},"code":["/* istanbul instrument in package npmtest_electron */","/*jslint","    bitwise: true,","    browser: true,","    maxerr: 8,","    maxlen: 96,","    node: true,","    nomen: true,","    regexp: true,","    stupid: true","*/","(function () {","    'use strict';","    var local;","","","","    // run shared js-env code - pre-init","    (function () {","        // init local","        local = {};","        // init modeJs","        local.modeJs = (function () {","            try {","                return typeof navigator.userAgent === 'string' &&","                    typeof document.querySelector('body') === 'object' &&","                    typeof XMLHttpRequest.prototype.open === 'function' &&","                    'browser';","            } catch (errorCaughtBrowser) {","                return module.exports &&","                    typeof process.versions.node === 'string' &&","                    typeof require('http').createServer === 'function' &&","                    'node';","            }","        }());","        // init global","        local.global = local.modeJs === 'browser'","            ? window","            : global;","        // init utility2_rollup","        local = local.global.utility2_rollup || local;","        // init lib","        local.local = local.npmtest_electron = local;","        // init exports","        if (local.modeJs === 'browser') {","            local.global.utility2_npmtest_electron = local;","        } else {","            module.exports = local;","            module.exports.__dirname = __dirname;","            module.exports.module = module;","        }","    }());","}());",""],"l":{"12":2,"14":2,"19":2,"21":2,"23":2,"24":2,"25":2,"30":1,"37":2,"41":2,"43":2,"45":2,"46":1,"48":1,"49":1,"50":1}},"/home/travis/build/npmtest/node-npmtest-electron/example.js":{"path":"/home/travis/build/npmtest/node-npmtest-electron/example.js","s":{"1":2,"2":2,"3":2,"4":2,"5":2,"6":2,"7":2,"8":1,"9":2,"10":2,"11":2,"12":2,"13":1,"14":2,"15":2,"16":2,"17":2,"18":2,"19":0,"20":2,"21":1,"22":1,"23":1,"24":1,"25":1,"26":0,"27":0,"28":1,"29":1,"30":2,"31":0,"32":0,"33":0,"34":1,"35":2,"36":2,"37":2,"38":2,"39":2,"40":2,"41":0,"42":2,"43":2,"44":2,"45":1,"46":3,"47":1,"48":1,"49":1,"50":1,"51":1,"52":1,"53":1,"54":1,"55":1,"56":1,"57":0,"58":1,"59":6,"60":6,"61":1,"62":2,"63":0,"64":2,"65":1,"66":1,"67":0,"68":0,"69":0,"70":0,"71":0,"72":0,"73":0,"74":0,"75":0,"76":0,"77":0,"78":0,"79":0,"80":0,"81":0,"82":0,"83":0},"b":{"1":[2,1,1,1],"2":[1,1,1,1],"3":[1,1],"4":[2,2],"5":[1,1],"6":[1,1],"7":[2,0],"8":[2,1,1,1,1,1],"9":[0,2,0],"10":[1,1],"11":[2,1,1],"12":[1,0],"13":[0,2],"14":[2,0,0,0,0,0,0],"15":[0,2],"16":[2,0],"17":[1,1],"18":[0,1],"19":[1,2,0,2],"20":[1,0],"21":[1,1],"22":[0,0],"23":[0,0],"24":[0,0],"25":[0,0],"26":[0,0],"27":[0,0],"28":[0,0]},"f":{"1":2,"2":2,"3":2,"4":2,"5":2,"6":2,"7":2,"8":2,"9":3,"10":1,"11":6,"12":0},"fnMap":{"1":{"name":"(anonymous_1)","line":26,"loc":{"start":{"line":26,"column":1},"end":{"line":26,"column":13}}},"2":{"name":"(anonymous_2)","line":33,"loc":{"start":{"line":33,"column":5},"end":{"line":33,"column":17}}},"3":{"name":"(anonymous_3)","line":37,"loc":{"start":{"line":37,"column":24},"end":{"line":37,"column":36}}},"4":{"name":"(anonymous_4)","line":69,"loc":{"start":{"line":69,"column":31},"end":{"line":69,"column":48}},"skip":true},"5":{"name":"(anonymous_5)","line":78,"loc":{"start":{"line":78,"column":26},"end":{"line":78,"column":45}},"skip":true},"6":{"name":"(anonymous_6)","line":123,"loc":{"start":{"line":123,"column":33},"end":{"line":123,"column":48}},"skip":true},"7":{"name":"(anonymous_7)","line":125,"loc":{"start":{"line":125,"column":27},"end":{"line":125,"column":39}},"skip":true},"8":{"name":"(anonymous_8)","line":133,"loc":{"start":{"line":133,"column":59},"end":{"line":133,"column":74}},"skip":true},"9":{"name":"(anonymous_9)","line":143,"loc":{"start":{"line":143,"column":45},"end":{"line":143,"column":62}},"skip":true},"10":{"name":"(anonymous_10)","line":144,"loc":{"start":{"line":144,"column":73},"end":{"line":144,"column":92}},"skip":true},"11":{"name":"(anonymous_11)","line":272,"loc":{"start":{"line":272,"column":51},"end":{"line":272,"column":77}},"skip":true},"12":{"name":"(anonymous_12)","line":314,"loc":{"start":{"line":314,"column":32},"end":{"line":314,"column":61}},"skip":true}},"statementMap":{"1":{"start":{"line":26,"column":0},"end":{"line":325,"column":5}},"2":{"start":{"line":28,"column":4},"end":{"line":28,"column":14}},"3":{"start":{"line":33,"column":4},"end":{"line":60,"column":9}},"4":{"start":{"line":35,"column":8},"end":{"line":35,"column":19}},"5":{"start":{"line":37,"column":8},"end":{"line":49,"column":13}},"6":{"start":{"line":38,"column":12},"end":{"line":48,"column":13}},"7":{"start":{"line":39,"column":16},"end":{"line":42,"column":30}},"8":{"start":{"line":44,"column":16},"end":{"line":47,"column":27}},"9":{"start":{"line":51,"column":8},"end":{"line":53,"column":21}},"10":{"start":{"line":55,"column":8},"end":{"line":57,"column":45}},"11":{"start":{"line":59,"column":8},"end":{"line":59,"column":35}},"12":{"start":{"line":61,"column":4},"end":{"line":324,"column":5}},"13":{"start":{"line":69,"column":8},"end":{"line":121,"column":10},"skip":true},"14":{"start":{"line":70,"column":12},"end":{"line":88,"column":13},"skip":true},"15":{"start":{"line":76,"column":16},"end":{"line":87,"column":19},"skip":true},"16":{"start":{"line":79,"column":20},"end":{"line":86,"column":21},"skip":true},"17":{"start":{"line":82,"column":24},"end":{"line":82,"column":43},"skip":true},"18":{"start":{"line":83,"column":24},"end":{"line":83,"column":30},"skip":true},"19":{"start":{"line":85,"column":24},"end":{"line":85,"column":49},"skip":true},"20":{"start":{"line":89,"column":12},"end":{"line":107,"column":13},"skip":true},"21":{"start":{"line":92,"column":16},"end":{"line":102,"column":17},"skip":true},"22":{"start":{"line":93,"column":20},"end":{"line":93,"column":86},"skip":true},"23":{"start":{"line":94,"column":20},"end":{"line":95,"column":45},"skip":true},"24":{"start":{"line":96,"column":20},"end":{"line":96,"column":42},"skip":true},"25":{"start":{"line":97,"column":20},"end":{"line":97,"column":48},"skip":true},"26":{"start":{"line":100,"column":20},"end":{"line":100,"column":85},"skip":true},"27":{"start":{"line":101,"column":20},"end":{"line":101,"column":96},"skip":true},"28":{"start":{"line":103,"column":16},"end":{"line":103,"column":22},"skip":true},"29":{"start":{"line":106,"column":16},"end":{"line":106,"column":22},"skip":true},"30":{"start":{"line":108,"column":12},"end":{"line":120,"column":13},"skip":true},"31":{"start":{"line":114,"column":16},"end":{"line":119,"column":17},"skip":true},"32":{"start":{"line":116,"column":20},"end":{"line":116,"column":78},"skip":true},"33":{"start":{"line":118,"column":20},"end":{"line":118,"column":47},"skip":true},"34":{"start":{"line":123,"column":8},"end":{"line":141,"column":11},"skip":true},"35":{"start":{"line":124,"column":12},"end":{"line":124,"column":54},"skip":true},"36":{"start":{"line":125,"column":12},"end":{"line":140,"column":14},"skip":true},"37":{"start":{"line":126,"column":16},"end":{"line":126,"column":28},"skip":true},"38":{"start":{"line":127,"column":16},"end":{"line":127,"column":69},"skip":true},"39":{"start":{"line":128,"column":16},"end":{"line":128,"column":75},"skip":true},"40":{"start":{"line":129,"column":16},"end":{"line":131,"column":17},"skip":true},"41":{"start":{"line":130,"column":20},"end":{"line":130,"column":27},"skip":true},"42":{"start":{"line":133,"column":16},"end":{"line":137,"column":36},"skip":true},"43":{"start":{"line":134,"column":20},"end":{"line":136,"column":55},"skip":true},"44":{"start":{"line":139,"column":16},"end":{"line":139,"column":57},"skip":true},"45":{"start":{"line":143,"column":8},"end":{"line":147,"column":11},"skip":true},"46":{"start":{"line":144,"column":12},"end":{"line":146,"column":15},"skip":true},"47":{"start":{"line":145,"column":16},"end":{"line":145,"column":70},"skip":true},"48":{"start":{"line":149,"column":8},"end":{"line":149,"column":31},"skip":true},"49":{"start":{"line":150,"column":8},"end":{"line":150,"column":14},"skip":true},"50":{"start":{"line":158,"column":8},"end":{"line":158,"column":31},"skip":true},"51":{"start":{"line":160,"column":8},"end":{"line":160,"column":33},"skip":true},"52":{"start":{"line":161,"column":8},"end":{"line":161,"column":37},"skip":true},"53":{"start":{"line":162,"column":8},"end":{"line":162,"column":35},"skip":true},"54":{"start":{"line":164,"column":8},"end":{"line":164,"column":50},"skip":true},"55":{"start":{"line":166,"column":8},"end":{"line":256,"column":2},"skip":true},"56":{"start":{"line":258,"column":8},"end":{"line":286,"column":9},"skip":true},"57":{"start":{"line":259,"column":12},"end":{"line":269,"column":14},"skip":true},"58":{"start":{"line":271,"column":12},"end":{"line":285,"column":19},"skip":true},"59":{"start":{"line":274,"column":20},"end":{"line":274,"column":35},"skip":true},"60":{"start":{"line":275,"column":20},"end":{"line":284,"column":21},"skip":true},"61":{"start":{"line":277,"column":24},"end":{"line":277,"column":64},"skip":true},"62":{"start":{"line":279,"column":24},"end":{"line":279,"column":40},"skip":true},"63":{"start":{"line":281,"column":24},"end":{"line":281,"column":40},"skip":true},"64":{"start":{"line":283,"column":24},"end":{"line":283,"column":39},"skip":true},"65":{"start":{"line":288,"column":8},"end":{"line":290,"column":9},"skip":true},"66":{"start":{"line":289,"column":12},"end":{"line":289,"column":18},"skip":true},"67":{"start":{"line":291,"column":8},"end":{"line":293,"column":54},"skip":true},"68":{"start":{"line":294,"column":8},"end":{"line":301,"column":37},"skip":true},"69":{"start":{"line":302,"column":8},"end":{"line":302,"column":82},"skip":true},"70":{"start":{"line":305,"column":8},"end":{"line":307,"column":9},"skip":true},"71":{"start":{"line":306,"column":12},"end":{"line":306,"column":82},"skip":true},"72":{"start":{"line":309,"column":8},"end":{"line":311,"column":9},"skip":true},"73":{"start":{"line":310,"column":12},"end":{"line":310,"column":18},"skip":true},"74":{"start":{"line":312,"column":8},"end":{"line":312,"column":54},"skip":true},"75":{"start":{"line":313,"column":8},"end":{"line":313,"column":69},"skip":true},"76":{"start":{"line":314,"column":8},"end":{"line":322,"column":36},"skip":true},"77":{"start":{"line":315,"column":12},"end":{"line":315,"column":61},"skip":true},"78":{"start":{"line":316,"column":12},"end":{"line":319,"column":13},"skip":true},"79":{"start":{"line":317,"column":16},"end":{"line":317,"column":75},"skip":true},"80":{"start":{"line":318,"column":16},"end":{"line":318,"column":23},"skip":true},"81":{"start":{"line":320,"column":12},"end":{"line":320,"column":38},"skip":true},"82":{"start":{"line":321,"column":12},"end":{"line":321,"column":27},"skip":true},"83":{"start":{"line":323,"column":8},"end":{"line":323,"column":14},"skip":true}},"branchMap":{"1":{"line":39,"type":"binary-expr","locations":[{"start":{"line":39,"column":23},"end":{"line":39,"column":62}},{"start":{"line":40,"column":20},"end":{"line":40,"column":70}},{"start":{"line":41,"column":20},"end":{"line":41,"column":71}},{"start":{"line":42,"column":20},"end":{"line":42,"column":29}}]},"2":{"line":44,"type":"binary-expr","locations":[{"start":{"line":44,"column":23},"end":{"line":44,"column":37}},{"start":{"line":45,"column":20},"end":{"line":45,"column":61}},{"start":{"line":46,"column":20},"end":{"line":46,"column":70}},{"start":{"line":47,"column":20},"end":{"line":47,"column":26}}]},"3":{"line":51,"type":"cond-expr","locations":[{"start":{"line":52,"column":14},"end":{"line":52,"column":20}},{"start":{"line":53,"column":14},"end":{"line":53,"column":20}}]},"4":{"line":55,"type":"binary-expr","locations":[{"start":{"line":55,"column":16},"end":{"line":55,"column":44}},{"start":{"line":55,"column":49},"end":{"line":57,"column":43}}]},"5":{"line":55,"type":"cond-expr","locations":[{"start":{"line":56,"column":14},"end":{"line":56,"column":52}},{"start":{"line":57,"column":14},"end":{"line":57,"column":43}}]},"6":{"line":61,"type":"switch","locations":[{"start":{"line":68,"column":4},"end":{"line":150,"column":14},"skip":true},{"start":{"line":156,"column":4},"end":{"line":323,"column":14},"skip":true}]},"7":{"line":70,"type":"if","locations":[{"start":{"line":70,"column":12},"end":{"line":70,"column":12},"skip":true},{"start":{"line":70,"column":12},"end":{"line":70,"column":12},"skip":true}]},"8":{"line":70,"type":"binary-expr","locations":[{"start":{"line":70,"column":16},"end":{"line":70,"column":22},"skip":true},{"start":{"line":70,"column":27},"end":{"line":70,"column":32},"skip":true},{"start":{"line":71,"column":20},"end":{"line":71,"column":39},"skip":true},{"start":{"line":72,"column":20},"end":{"line":72,"column":49},"skip":true},{"start":{"line":73,"column":20},"end":{"line":73,"column":58},"skip":true},{"start":{"line":74,"column":20},"end":{"line":74,"column":69},"skip":true}]},"9":{"line":79,"type":"switch","locations":[{"start":{"line":80,"column":20},"end":{"line":80,"column":33},"skip":true},{"start":{"line":81,"column":20},"end":{"line":83,"column":30},"skip":true},{"start":{"line":84,"column":20},"end":{"line":85,"column":49},"skip":true}]},"10":{"line":89,"type":"switch","locations":[{"start":{"line":90,"column":12},"end":{"line":103,"column":22},"skip":true},{"start":{"line":105,"column":12},"end":{"line":106,"column":22},"skip":true}]},"11":{"line":89,"type":"binary-expr","locations":[{"start":{"line":89,"column":20},"end":{"line":89,"column":25},"skip":true},{"start":{"line":89,"column":29},"end":{"line":89,"column":48},"skip":true},{"start":{"line":89,"column":52},"end":{"line":89,"column":74},"skip":true}]},"12":{"line":92,"type":"if","locations":[{"start":{"line":92,"column":16},"end":{"line":92,"column":16},"skip":true},{"start":{"line":92,"column":16},"end":{"line":92,"column":16},"skip":true}]},"13":{"line":108,"type":"if","locations":[{"start":{"line":108,"column":12},"end":{"line":108,"column":12},"skip":true},{"start":{"line":108,"column":12},"end":{"line":108,"column":12},"skip":true}]},"14":{"line":108,"type":"binary-expr","locations":[{"start":{"line":108,"column":16},"end":{"line":108,"column":61},"skip":true},{"start":{"line":108,"column":66},"end":{"line":108,"column":72},"skip":true},{"start":{"line":108,"column":77},"end":{"line":108,"column":82},"skip":true},{"start":{"line":109,"column":20},"end":{"line":109,"column":39},"skip":true},{"start":{"line":110,"column":20},"end":{"line":110,"column":49},"skip":true},{"start":{"line":111,"column":20},"end":{"line":111,"column":58},"skip":true},{"start":{"line":112,"column":20},"end":{"line":112,"column":68},"skip":true}]},"15":{"line":129,"type":"if","locations":[{"start":{"line":129,"column":16},"end":{"line":129,"column":16},"skip":true},{"start":{"line":129,"column":16},"end":{"line":129,"column":16},"skip":true}]},"16":{"line":134,"type":"cond-expr","locations":[{"start":{"line":135,"column":26},"end":{"line":135,"column":29},"skip":true},{"start":{"line":136,"column":26},"end":{"line":136,"column":54},"skip":true}]},"17":{"line":164,"type":"binary-expr","locations":[{"start":{"line":164,"column":27},"end":{"line":164,"column":43},"skip":true},{"start":{"line":164,"column":47},"end":{"line":164,"column":49},"skip":true}]},"18":{"line":258,"type":"if","locations":[{"start":{"line":258,"column":8},"end":{"line":258,"column":8},"skip":true},{"start":{"line":258,"column":8},"end":{"line":258,"column":8},"skip":true}]},"19":{"line":275,"type":"switch","locations":[{"start":{"line":276,"column":20},"end":{"line":277,"column":64},"skip":true},{"start":{"line":278,"column":20},"end":{"line":279,"column":40},"skip":true},{"start":{"line":280,"column":20},"end":{"line":281,"column":40},"skip":true},{"start":{"line":282,"column":20},"end":{"line":283,"column":39},"skip":true}]},"20":{"line":288,"type":"if","locations":[{"start":{"line":288,"column":8},"end":{"line":288,"column":8},"skip":true},{"start":{"line":288,"column":8},"end":{"line":288,"column":8},"skip":true}]},"21":{"line":288,"type":"binary-expr","locations":[{"start":{"line":288,"column":12},"end":{"line":288,"column":40},"skip":true},{"start":{"line":288,"column":44},"end":{"line":288,"column":67},"skip":true}]},"22":{"line":292,"type":"binary-expr","locations":[{"start":{"line":292,"column":12},"end":{"line":292,"column":50},"skip":true},{"start":{"line":293,"column":12},"end":{"line":293,"column":53},"skip":true}]},"23":{"line":295,"type":"binary-expr","locations":[{"start":{"line":295,"column":12},"end":{"line":295,"column":66},"skip":true},{"start":{"line":296,"column":12},"end":{"line":301,"column":36},"skip":true}]},"24":{"line":302,"type":"binary-expr","locations":[{"start":{"line":302,"column":43},"end":{"line":302,"column":75},"skip":true},{"start":{"line":302,"column":79},"end":{"line":302,"column":81},"skip":true}]},"25":{"line":305,"type":"if","locations":[{"start":{"line":305,"column":8},"end":{"line":305,"column":8},"skip":true},{"start":{"line":305,"column":8},"end":{"line":305,"column":8},"skip":true}]},"26":{"line":309,"type":"if","locations":[{"start":{"line":309,"column":8},"end":{"line":309,"column":8},"skip":true},{"start":{"line":309,"column":8},"end":{"line":309,"column":8},"skip":true}]},"27":{"line":312,"type":"binary-expr","locations":[{"start":{"line":312,"column":27},"end":{"line":312,"column":43},"skip":true},{"start":{"line":312,"column":47},"end":{"line":312,"column":53},"skip":true}]},"28":{"line":316,"type":"if","locations":[{"start":{"line":316,"column":12},"end":{"line":316,"column":12},"skip":true},{"start":{"line":316,"column":12},"end":{"line":316,"column":12},"skip":true}]}},"code":["/*","example.js","","quickstart example","","instruction","    1. save this script as example.js","    2. run the shell command:","        $ npm install npmtest-electron && PORT=8081 node example.js","    3. play with the browser-demo on http://127.0.0.1:8081","*/","","","","/* istanbul instrument in package npmtest_electron */","/*jslint","    bitwise: true,","    browser: true,","    maxerr: 8,","    maxlen: 96,","    node: true,","    nomen: true,","    regexp: true,","    stupid: true","*/","(function () {","    'use strict';","    var local;","","","","    // run shared js-env code - pre-init","    (function () {","        // init local","        local = {};","        // init modeJs","        local.modeJs = (function () {","            try {","                return typeof navigator.userAgent === 'string' &&","                    typeof document.querySelector('body') === 'object' &&","                    typeof XMLHttpRequest.prototype.open === 'function' &&","                    'browser';","            } catch (errorCaughtBrowser) {","                return module.exports &&","                    typeof process.versions.node === 'string' &&","                    typeof require('http').createServer === 'function' &&","                    'node';","            }","        }());","        // init global","        local.global = local.modeJs === 'browser'","            ? window","            : global;","        // init utility2_rollup","        local = local.global.utility2_rollup || (local.modeJs === 'browser'","            ? local.global.utility2_npmtest_electron","            : global.utility2_moduleExports);","        // export local","        local.global.local = local;","    }());","    switch (local.modeJs) {","","","","    // post-init","    // run browser js-env code - post-init","    /* istanbul ignore next */","    case 'browser':","        local.testRunBrowser = function (event) {","            if (!event || (event &&","                    event.currentTarget &&","                    event.currentTarget.className &&","                    event.currentTarget.className.includes &&","                    event.currentTarget.className.includes('onreset'))) {","                // reset output","                Array.from(","                    document.querySelectorAll('body > .resettable')","                ).forEach(function (element) {","                    switch (element.tagName) {","                    case 'INPUT':","                    case 'TEXTAREA':","                        element.value = '';","                        break;","                    default:","                        element.textContent = '';","                    }","                });","            }","            switch (event && event.currentTarget && event.currentTarget.id) {","            case 'testRunButton1':","                // show tests","                if (document.querySelector('#testReportDiv1').style.display === 'none') {","                    document.querySelector('#testReportDiv1').style.display = 'block';","                    document.querySelector('#testRunButton1').textContent =","                        'hide internal test';","                    local.modeTest = true;","                    local.testRunDefault(local);","                // hide tests","                } else {","                    document.querySelector('#testReportDiv1').style.display = 'none';","                    document.querySelector('#testRunButton1').textContent = 'run internal test';","                }","                break;","            // custom-case","            default:","                break;","            }","            if (document.querySelector('#inputTextareaEval1') && (!event || (event &&","                    event.currentTarget &&","                    event.currentTarget.className &&","                    event.currentTarget.className.includes &&","                    event.currentTarget.className.includes('oneval')))) {","                // try to eval input-code","                try {","                    /*jslint evil: true*/","                    eval(document.querySelector('#inputTextareaEval1').value);","                } catch (errorCaught) {","                    console.error(errorCaught);","                }","            }","        };","        // log stderr and stdout to #outputTextareaStdout1","        ['error', 'log'].forEach(function (key) {","            console[key + '_original'] = console[key];","            console[key] = function () {","                var element;","                console[key + '_original'].apply(console, arguments);","                element = document.querySelector('#outputTextareaStdout1');","                if (!element) {","                    return;","                }","                // append text to #outputTextareaStdout1","                element.value += Array.from(arguments).map(function (arg) {","                    return typeof arg === 'string'","                        ? arg","                        : JSON.stringify(arg, null, 4);","                }).join(' ') + '\\n';","                // scroll textarea to bottom","                element.scrollTop = element.scrollHeight;","            };","        });","        // init event-handling","        ['change', 'click', 'keyup'].forEach(function (event) {","            Array.from(document.querySelectorAll('.on' + event)).forEach(function (element) {","                element.addEventListener(event, local.testRunBrowser);","            });","        });","        // run tests","        local.testRunBrowser();","        break;","","","","    // run node js-env code - post-init","    /* istanbul ignore next */","    case 'node':","        // export local","        module.exports = local;","        // require modules","        local.fs = require('fs');","        local.http = require('http');","        local.url = require('url');","        // init assets","        local.assetsDict = local.assetsDict || {};","        /* jslint-ignore-begin */","        local.assetsDict['/assets.index.template.html'] = '\\","<!doctype html>\\n\\","<html lang=\"en\">\\n\\","<head>\\n\\","<meta charset=\"UTF-8\">\\n\\","<meta name=\"viewport\" content=\"width=device-width, initial-scale=1\">\\n\\","<title>{{env.npm_package_name}} (v{{env.npm_package_version}})</title>\\n\\","<style>\\n\\","/*csslint\\n\\","    box-sizing: false,\\n\\","    universal-selector: false\\n\\","*/\\n\\","* {\\n\\","    box-sizing: border-box;\\n\\","}\\n\\","body {\\n\\","    background: #dde;\\n\\","    font-family: Arial, Helvetica, sans-serif;\\n\\","    margin: 2rem;\\n\\","}\\n\\","body > * {\\n\\","    margin-bottom: 1rem;\\n\\","}\\n\\",".utility2FooterDiv {\\n\\","    margin-top: 20px;\\n\\","    text-align: center;\\n\\","}\\n\\","</style>\\n\\","<style>\\n\\","/*csslint\\n\\","*/\\n\\","textarea {\\n\\","    font-family: monospace;\\n\\","    height: 10rem;\\n\\","    width: 100%;\\n\\","}\\n\\","textarea[readonly] {\\n\\","    background: #ddd;\\n\\","}\\n\\","</style>\\n\\","</head>\\n\\","<body>\\n\\","<!-- utility2-comment\\n\\","<div id=\"ajaxProgressDiv1\" style=\"background: #d00; height: 2px; left: 0; margin: 0; padding: 0; position: fixed; top: 0; transition: background 0.5s, width 1.5s; width: 25%;\"></div>\\n\\","utility2-comment -->\\n\\","<h1>\\n\\","<!-- utility2-comment\\n\\","    <a\\n\\","        {{#if env.npm_package_homepage}}\\n\\","        href=\"{{env.npm_package_homepage}}\"\\n\\","        {{/if env.npm_package_homepage}}\\n\\","        target=\"_blank\"\\n\\","    >\\n\\","utility2-comment -->\\n\\","        {{env.npm_package_name}} (v{{env.npm_package_version}})\\n\\","<!-- utility2-comment\\n\\","    </a>\\n\\","utility2-comment -->\\n\\","</h1>\\n\\","<h3>{{env.npm_package_description}}</h3>\\n\\","<!-- utility2-comment\\n\\","<h4><a download href=\"assets.app.js\">download standalone app</a></h4>\\n\\","<button class=\"onclick onreset\" id=\"testRunButton1\">run internal test</button><br>\\n\\","<div id=\"testReportDiv1\" style=\"display: none;\"></div>\\n\\","utility2-comment -->\\n\\","\\n\\","\\n\\","\\n\\","<label>stderr and stdout</label>\\n\\","<textarea class=\"resettable\" id=\"outputTextareaStdout1\" readonly></textarea>\\n\\","<!-- utility2-comment\\n\\","{{#if isRollup}}\\n\\","<script src=\"assets.app.js\"></script>\\n\\","{{#unless isRollup}}\\n\\","utility2-comment -->\\n\\","<script src=\"assets.utility2.rollup.js\"></script>\\n\\","<script src=\"jsonp.utility2._stateInit?callback=window.utility2._stateInit\"></script>\\n\\","<script src=\"assets.npmtest_electron.rollup.js\"></script>\\n\\","<script src=\"assets.example.js\"></script>\\n\\","<script src=\"assets.test.js\"></script>\\n\\","<!-- utility2-comment\\n\\","{{/if isRollup}}\\n\\","utility2-comment -->\\n\\","<div class=\"utility2FooterDiv\">\\n\\","    [ this app was created with\\n\\","    <a href=\"https://github.com/kaizhu256/node-utility2\" target=\"_blank\">utility2</a>\\n\\","    ]\\n\\","</div>\\n\\","</body>\\n\\","</html>\\n\\","';","        /* jslint-ignore-end */","        if (local.templateRender) {","            local.assetsDict['/'] = local.templateRender(","                local.assetsDict['/assets.index.template.html'],","                {","                    env: local.objectSetDefault(local.env, {","                        npm_package_description: 'the greatest app in the world!',","                        npm_package_name: 'my-app',","                        npm_package_nameAlias: 'my_app',","                        npm_package_version: '0.0.1'","                    })","                }","            );","        } else {","            local.assetsDict['/'] = local.assetsDict['/assets.index.template.html']","                .replace((/\\{\\{env\\.(\\w+?)\\}\\}/g), function (match0, match1) {","                    // jslint-hack","                    String(match0);","                    switch (match1) {","                    case 'npm_package_description':","                        return 'the greatest app in the world!';","                    case 'npm_package_name':","                        return 'my-app';","                    case 'npm_package_nameAlias':","                        return 'my_app';","                    case 'npm_package_version':","                        return '0.0.1';","                    }","                });","        }","        // run the cli","        if (local.global.utility2_rollup || module !== require.main) {","            break;","        }","        local.assetsDict['/assets.example.js'] =","            local.assetsDict['/assets.example.js'] ||","            local.fs.readFileSync(__filename, 'utf8');","        local.assetsDict['/assets.npmtest_electron.rollup.js'] =","            local.assetsDict['/assets.npmtest_electron.rollup.js'] ||","            local.fs.readFileSync(","                // buildCustomOrg-hack","                local.npmtest_electron.__dirname +","                    '/lib.npmtest_electron.js',","                'utf8'","            ).replace((/^#!/), '//');","        local.assetsDict['/favicon.ico'] = local.assetsDict['/favicon.ico'] || '';","        // if $npm_config_timeout_exit exists,","        // then exit this process after $npm_config_timeout_exit ms","        if (Number(process.env.npm_config_timeout_exit)) {","            setTimeout(process.exit, Number(process.env.npm_config_timeout_exit));","        }","        // start server","        if (local.global.utility2_serverHttp1) {","            break;","        }","        process.env.PORT = process.env.PORT || '8081';","        console.error('server starting on port ' + process.env.PORT);","        local.http.createServer(function (request, response) {","            request.urlParsed = local.url.parse(request.url);","            if (local.assetsDict[request.urlParsed.pathname] !== undefined) {","                response.end(local.assetsDict[request.urlParsed.pathname]);","                return;","            }","            response.statusCode = 404;","            response.end();","        }).listen(process.env.PORT);","        break;","    }","}());",""],"l":{"26":2,"28":2,"33":2,"35":2,"37":2,"38":2,"39":2,"44":1,"51":2,"55":2,"59":2,"61":2,"69":1,"70":2,"76":2,"79":2,"82":2,"83":2,"85":1,"89":2,"92":1,"93":1,"94":1,"96":1,"97":1,"100":1,"101":1,"103":1,"106":1,"108":2,"114":1,"116":1,"118":1,"123":1,"124":2,"125":2,"126":2,"127":2,"128":2,"129":2,"130":1,"133":2,"134":2,"139":2,"143":1,"144":3,"145":1,"149":1,"150":1,"158":1,"160":1,"161":1,"162":1,"164":1,"166":1,"258":1,"259":1,"271":1,"274":6,"275":6,"277":1,"279":2,"281":1,"283":2,"288":1,"289":1,"291":1,"294":1,"302":1,"305":1,"306":1,"309":1,"310":1,"312":1,"313":1,"314":1,"315":1,"316":1,"317":1,"318":1,"320":1,"321":1,"323":1}},"/home/travis/build/npmtest/node-npmtest-electron/node_modules/electron/index.js":{"path":"/home/travis/build/npmtest/node-npmtest-electron/node_modules/electron/index.js","s":{"1":1,"2":1,"3":1,"4":1,"5":1,"6":0},"b":{"1":[1,0]},"f":{},"fnMap":{},"statementMap":{"1":{"start":{"line":1,"column":0},"end":{"line":1,"column":22}},"2":{"start":{"line":2,"column":0},"end":{"line":2,"column":26}},"3":{"start":{"line":4,"column":0},"end":{"line":4,"column":47}},"4":{"start":{"line":6,"column":0},"end":{"line":10,"column":1}},"5":{"start":{"line":7,"column":2},"end":{"line":7,"column":75}},"6":{"start":{"line":9,"column":2},"end":{"line":9,"column":143}}},"branchMap":{"1":{"line":6,"type":"if","locations":[{"start":{"line":6,"column":0},"end":{"line":6,"column":0}},{"start":{"line":6,"column":0},"end":{"line":6,"column":0}}]}},"code":["var fs = require('fs')","var path = require('path')","","var pathFile = path.join(__dirname, 'path.txt')","","if (fs.existsSync(pathFile)) {","  module.exports = path.join(__dirname, fs.readFileSync(pathFile, 'utf-8'))","} else {","  throw new Error('Electron failed to install correctly, please delete node_modules/' + path.basename(__dirname) + ' and try installing again')","}",""],"l":{"1":1,"2":1,"4":1,"6":1,"7":1,"9":0}},"/home/travis/build/npmtest/node-npmtest-electron/node_modules/electron/install.js":{"path":"/home/travis/build/npmtest/node-npmtest-electron/node_modules/electron/install.js","s":{"1":1,"2":1,"3":1,"4":1,"5":1,"6":1,"7":1,"8":1,"9":1,"10":1,"11":1,"12":1,"13":1,"14":1,"15":1,"16":0,"17":1,"18":1,"19":1,"20":0,"21":0,"22":0,"23":1,"24":1,"25":1,"26":1,"27":1,"28":0,"29":1,"30":0,"31":0},"b":{"1":[1,0],"2":[1,1],"3":[0,1],"4":[1,0],"5":[0,0],"6":[1,1],"7":[0,0,1,0,0]},"f":{"1":1,"2":1,"3":0,"4":1,"5":1},"fnMap":{"1":{"name":"extractFile","line":35,"loc":{"start":{"line":35,"column":0},"end":{"line":35,"column":36}}},"2":{"name":"(anonymous_2)","line":37,"loc":{"start":{"line":37,"column":56},"end":{"line":37,"column":71}}},"3":{"name":"(anonymous_3)","line":39,"loc":{"start":{"line":39,"column":65},"end":{"line":39,"column":80}}},"4":{"name":"onerror","line":45,"loc":{"start":{"line":45,"column":0},"end":{"line":45,"column":23}}},"5":{"name":"getPlatformPath","line":49,"loc":{"start":{"line":49,"column":0},"end":{"line":49,"column":28}}}},"statementMap":{"1":{"start":{"line":4,"column":0},"end":{"line":4,"column":61}},"2":{"start":{"line":6,"column":0},"end":{"line":6,"column":22}},"3":{"start":{"line":7,"column":0},"end":{"line":7,"column":22}},"4":{"start":{"line":8,"column":0},"end":{"line":8,"column":26}},"5":{"start":{"line":9,"column":0},"end":{"line":9,"column":36}},"6":{"start":{"line":10,"column":0},"end":{"line":10,"column":43}},"7":{"start":{"line":12,"column":0},"end":{"line":12,"column":27}},"8":{"start":{"line":13,"column":0},"end":{"line":17,"column":1}},"9":{"start":{"line":14,"column":2},"end":{"line":14,"column":104}},"10":{"start":{"line":19,"column":0},"end":{"line":19,"column":36}},"11":{"start":{"line":21,"column":0},"end":{"line":23,"column":1}},"12":{"start":{"line":22,"column":2},"end":{"line":22,"column":17}},"13":{"start":{"line":26,"column":0},"end":{"line":32,"column":15}},"14":{"start":{"line":35,"column":0},"end":{"line":43,"column":1}},"15":{"start":{"line":36,"column":2},"end":{"line":36,"column":30}},"16":{"start":{"line":36,"column":11},"end":{"line":36,"column":30}},"17":{"start":{"line":37,"column":2},"end":{"line":42,"column":4}},"18":{"start":{"line":38,"column":4},"end":{"line":38,"column":32}},"19":{"start":{"line":38,"column":13},"end":{"line":38,"column":32}},"20":{"start":{"line":39,"column":4},"end":{"line":41,"column":6}},"21":{"start":{"line":40,"column":6},"end":{"line":40,"column":34}},"22":{"start":{"line":40,"column":15},"end":{"line":40,"column":34}},"23":{"start":{"line":45,"column":0},"end":{"line":47,"column":1}},"24":{"start":{"line":46,"column":2},"end":{"line":46,"column":11}},"25":{"start":{"line":49,"column":0},"end":{"line":63,"column":1}},"26":{"start":{"line":50,"column":2},"end":{"line":50,"column":65}},"27":{"start":{"line":52,"column":2},"end":{"line":62,"column":3}},"28":{"start":{"line":54,"column":6},"end":{"line":54,"column":56}},"29":{"start":{"line":57,"column":6},"end":{"line":57,"column":28}},"30":{"start":{"line":59,"column":6},"end":{"line":59,"column":32}},"31":{"start":{"line":61,"column":6},"end":{"line":61,"column":83}}},"branchMap":{"1":{"line":21,"type":"if","locations":[{"start":{"line":21,"column":0},"end":{"line":21,"column":0}},{"start":{"line":21,"column":0},"end":{"line":21,"column":0}}]},"2":{"line":21,"type":"binary-expr","locations":[{"start":{"line":21,"column":4},"end":{"line":21,"column":32}},{"start":{"line":21,"column":36},"end":{"line":21,"column":85}}]},"3":{"line":36,"type":"if","locations":[{"start":{"line":36,"column":2},"end":{"line":36,"column":2}},{"start":{"line":36,"column":2},"end":{"line":36,"column":2}}]},"4":{"line":38,"type":"if","locations":[{"start":{"line":38,"column":4},"end":{"line":38,"column":4}},{"start":{"line":38,"column":4},"end":{"line":38,"column":4}}]},"5":{"line":40,"type":"if","locations":[{"start":{"line":40,"column":6},"end":{"line":40,"column":6}},{"start":{"line":40,"column":6},"end":{"line":40,"column":6}}]},"6":{"line":50,"type":"binary-expr","locations":[{"start":{"line":50,"column":17},"end":{"line":50,"column":48}},{"start":{"line":50,"column":52},"end":{"line":50,"column":65}}]},"7":{"line":52,"type":"switch","locations":[{"start":{"line":53,"column":4},"end":{"line":54,"column":56}},{"start":{"line":55,"column":4},"end":{"line":55,"column":19}},{"start":{"line":56,"column":4},"end":{"line":57,"column":28}},{"start":{"line":58,"column":4},"end":{"line":59,"column":32}},{"start":{"line":60,"column":4},"end":{"line":61,"column":83}}]}},"code":["//#!/usr/bin/env node","","// maintainer note - x.y.z-ab version in package.json -> x.y.z","var version = require('./package').version.replace(/-.*/, '')","","var fs = require('fs')","var os = require('os')","var path = require('path')","var extract = require('extract-zip')","var download = require('electron-download')","","var installedVersion = null","try {","  installedVersion = fs.readFileSync(path.join(__dirname, 'dist', 'version'), 'utf-8').replace(/^v/, '')","} catch (ignored) {","  // do nothing","}","","var platformPath = getPlatformPath()","","if (installedVersion === version && fs.existsSync(path.join(__dirname, platformPath))) {","  process.exit(0)","}","","// downloads if not cached","download({","  version: version,","  platform: process.env.npm_config_platform,","  arch: process.env.npm_config_arch,","  strictSSL: process.env.npm_config_strict_ssl === 'true',","  quiet: ['info', 'verbose', 'silly', 'http'].indexOf(process.env.npm_config_loglevel) === -1","}, extractFile)","","// unzips and makes path.txt point at the correct executable","function extractFile (err, zipPath) {","  if (err) return onerror(err)","  extract(zipPath, {dir: path.join(__dirname, 'dist')}, function (err) {","    if (err) return onerror(err)","    fs.writeFile(path.join(__dirname, 'path.txt'), platformPath, function (err) {","      if (err) return onerror(err)","    })","  })","}","","function onerror (err) {","  throw err","}","","function getPlatformPath () {","  var platform = process.env.npm_config_platform || os.platform()","","  switch (platform) {","    case 'darwin':","      return 'dist/Electron.app/Contents/MacOS/Electron'","    case 'freebsd':","    case 'linux':","      return 'dist/electron'","    case 'win32':","      return 'dist/electron.exe'","    default:","      throw new Error('Electron builds are not available on platform: ' + platform)","  }","}",""],"l":{"4":1,"6":1,"7":1,"8":1,"9":1,"10":1,"12":1,"13":1,"14":1,"19":1,"21":1,"22":1,"26":1,"35":1,"36":1,"37":1,"38":1,"39":0,"40":0,"45":1,"46":1,"49":1,"50":1,"52":1,"54":0,"57":1,"59":0,"61":0}},"/home/travis/build/npmtest/node-npmtest-electron/node_modules/electron-download/build/index.js":{"path":"/home/travis/build/npmtest/node-npmtest-electron/node_modules/electron-download/build/index.js","s":{"1":1,"2":0,"3":0,"4":1,"5":1,"6":1,"7":36,"8":36,"9":36,"10":36,"11":13,"12":36,"13":1,"14":1,"15":1,"16":1,"17":0,"18":1,"19":1,"20":1,"21":0,"22":1,"23":1,"24":1,"25":1,"26":1,"27":1,"28":1,"29":1,"30":1,"31":1,"32":1,"33":1,"34":1,"35":1,"36":1,"37":1,"38":1,"39":0,"40":1,"41":1,"42":1,"43":1,"44":1,"45":0,"46":0,"47":0,"48":0,"49":1,"50":1,"51":1,"52":1,"53":1,"54":0,"55":1,"56":1,"57":1,"58":0,"59":0,"60":0,"61":0,"62":0,"63":0,"64":0,"65":0,"66":0,"67":0,"68":0,"69":0,"70":0,"71":0,"72":0,"73":0,"74":0,"75":0,"76":0,"77":0,"78":0,"79":0,"80":0,"81":0,"82":0,"83":0,"84":0,"85":0,"86":1,"87":0,"88":1,"89":1,"90":0,"91":0,"92":0,"93":0,"94":0,"95":0,"96":0,"97":0,"98":0,"99":0,"100":0,"101":0,"102":0,"103":0,"104":0,"105":0,"106":0,"107":0,"108":0,"109":0,"110":0,"111":0,"112":0,"113":1,"114":1,"115":1,"116":0,"117":1,"118":1,"119":1,"120":0,"121":0,"122":0,"123":0,"124":1,"125":1,"126":1,"127":6,"128":7,"129":2,"130":3,"131":2,"132":0,"133":6,"134":6,"135":6,"136":0,"137":6,"138":0,"139":6,"140":0,"141":6,"142":0,"143":6,"144":0,"145":6,"146":6,"147":0,"148":0,"149":0,"150":0,"151":0,"152":0,"153":0,"154":0,"155":0,"156":0,"157":0,"158":2,"159":6,"160":6,"161":6,"162":6,"163":6,"164":1,"165":1,"166":12,"167":1,"168":1,"169":1,"170":1},"b":{"1":[1,0],"2":[1,1],"3":[0,0],"4":[0,0,0,0],"5":[36,36],"6":[13,23],"7":[1,0],"8":[0,1],"9":[0,1],"10":[1,0],"11":[1,1],"12":[0,0],"13":[1,0],"14":[1,1],"15":[1,0],"16":[0,0],"17":[0,0],"18":[0,0],"19":[0,0],"20":[0,0],"21":[0,0],"22":[0,0],"23":[0,1],"24":[0,0],"25":[0,0],"26":[0,0],"27":[0,0],"28":[0,0],"29":[0,0],"30":[0,1],"31":[0,0],"32":[1,1,1,1,1],"33":[1,1,1],"34":[1,1,1],"35":[6,6],"36":[7,7],"37":[0,6],"38":[0,6],"39":[0,6],"40":[0,6],"41":[0,6],"42":[6,6],"43":[0,0],"44":[0,0],"45":[0,0],"46":[0,0],"47":[0,0],"48":[0,0],"49":[0,0],"50":[2,2],"51":[6,6],"52":[6,6],"53":[6,6],"54":[6,6],"55":[6,6]},"f":{"1":0,"2":0,"3":1,"4":1,"5":1,"6":1,"7":1,"8":1,"9":1,"10":1,"11":0,"12":1,"13":1,"14":1,"15":0,"16":0,"17":0,"18":0,"19":0,"20":0,"21":0,"22":0,"23":0,"24":1,"25":0,"26":0,"27":0,"28":0,"29":0,"30":0,"31":0,"32":1,"33":1,"34":0,"35":0,"36":1,"37":1,"38":1,"39":6,"40":7,"41":2,"42":3,"43":2,"44":0,"45":6,"46":6,"47":0,"48":0,"49":0,"50":2,"51":6,"52":6,"53":6,"54":6,"55":6,"56":1,"57":1,"58":12,"59":1},"fnMap":{"1":{"name":"(anonymous_1)","line":3,"loc":{"start":{"line":3,"column":84},"end":{"line":3,"column":99}}},"2":{"name":"(anonymous_2)","line":3,"loc":{"start":{"line":3,"column":124},"end":{"line":3,"column":139}}},"3":{"name":"(anonymous_3)","line":5,"loc":{"start":{"line":5,"column":19},"end":{"line":5,"column":31}}},"4":{"name":"defineProperties","line":5,"loc":{"start":{"line":5,"column":33},"end":{"line":5,"column":74}}},"5":{"name":"(anonymous_5)","line":5,"loc":{"start":{"line":5,"column":357},"end":{"line":5,"column":405}}},"6":{"name":"_classCallCheck","line":7,"loc":{"start":{"line":7,"column":0},"end":{"line":7,"column":48}}},"7":{"name":"(anonymous_7)","line":20,"loc":{"start":{"line":20,"column":25},"end":{"line":20,"column":37}}},"8":{"name":"ElectronDownloader","line":21,"loc":{"start":{"line":21,"column":2},"end":{"line":21,"column":36}}},"9":{"name":"checkForCachedChecksum","line":36,"loc":{"start":{"line":36,"column":11},"end":{"line":36,"column":47}}},"10":{"name":"(anonymous_10)","line":39,"loc":{"start":{"line":39,"column":43},"end":{"line":39,"column":61}}},"11":{"name":"(anonymous_11)","line":45,"loc":{"start":{"line":45,"column":34},"end":{"line":45,"column":54}}},"12":{"name":"checkForCachedZip","line":53,"loc":{"start":{"line":53,"column":11},"end":{"line":53,"column":42}}},"13":{"name":"(anonymous_13)","line":56,"loc":{"start":{"line":56,"column":38},"end":{"line":56,"column":56}}},"14":{"name":"checkIfZipNeedsVerifying","line":67,"loc":{"start":{"line":67,"column":11},"end":{"line":67,"column":49}}},"15":{"name":"createCacheDir","line":76,"loc":{"start":{"line":76,"column":11},"end":{"line":76,"column":39}}},"16":{"name":"(anonymous_16)","line":79,"loc":{"start":{"line":79,"column":28},"end":{"line":79,"column":43}}},"17":{"name":"(anonymous_17)","line":81,"loc":{"start":{"line":81,"column":21},"end":{"line":81,"column":33}}},"18":{"name":"(anonymous_18)","line":88,"loc":{"start":{"line":88,"column":39},"end":{"line":88,"column":54}}},"19":{"name":"createTempDir","line":102,"loc":{"start":{"line":102,"column":11},"end":{"line":102,"column":49}}},"20":{"name":"(anonymous_20)","line":104,"loc":{"start":{"line":104,"column":29},"end":{"line":104,"column":44}}},"21":{"name":"downloadChecksum","line":111,"loc":{"start":{"line":111,"column":11},"end":{"line":111,"column":41}}},"22":{"name":"downloadFile","line":116,"loc":{"start":{"line":116,"column":11},"end":{"line":116,"column":78}}},"23":{"name":"(anonymous_23)","line":128,"loc":{"start":{"line":128,"column":30},"end":{"line":128,"column":48}}},"24":{"name":"downloadIfNotCached","line":139,"loc":{"start":{"line":139,"column":11},"end":{"line":139,"column":44}}},"25":{"name":"downloadZip","line":146,"loc":{"start":{"line":146,"column":11},"end":{"line":146,"column":36}}},"26":{"name":"ensureCacheDir","line":151,"loc":{"start":{"line":151,"column":11},"end":{"line":151,"column":39}}},"27":{"name":"(anonymous_27)","line":155,"loc":{"start":{"line":155,"column":26},"end":{"line":155,"column":54}}},"28":{"name":"handleDownloadError","line":163,"loc":{"start":{"line":163,"column":11},"end":{"line":163,"column":51}}},"29":{"name":"moveFileToCache","line":175,"loc":{"start":{"line":175,"column":11},"end":{"line":175,"column":69}}},"30":{"name":"(anonymous_30)","line":179,"loc":{"start":{"line":179,"column":24},"end":{"line":179,"column":39}}},"31":{"name":"(anonymous_31)","line":181,"loc":{"start":{"line":181,"column":60},"end":{"line":181,"column":75}}},"32":{"name":"verifyChecksum","line":189,"loc":{"start":{"line":189,"column":11},"end":{"line":189,"column":39}}},"33":{"name":"(anonymous_33)","line":197,"loc":{"start":{"line":197,"column":55},"end":{"line":197,"column":67}}},"34":{"name":"(anonymous_34)","line":199,"loc":{"start":{"line":199,"column":9},"end":{"line":199,"column":24}}},"35":{"name":"(anonymous_35)","line":200,"loc":{"start":{"line":200,"column":36},"end":{"line":200,"column":53}}},"36":{"name":"get","line":208,"loc":{"start":{"line":208,"column":9},"end":{"line":208,"column":24}}},"37":{"name":"get","line":213,"loc":{"start":{"line":213,"column":9},"end":{"line":213,"column":24}}},"38":{"name":"get","line":218,"loc":{"start":{"line":218,"column":9},"end":{"line":218,"column":24}}},"39":{"name":"get","line":223,"loc":{"start":{"line":223,"column":9},"end":{"line":223,"column":24}}},"40":{"name":"get","line":228,"loc":{"start":{"line":228,"column":9},"end":{"line":228,"column":24}}},"41":{"name":"get","line":233,"loc":{"start":{"line":233,"column":9},"end":{"line":233,"column":24}}},"42":{"name":"get","line":238,"loc":{"start":{"line":238,"column":9},"end":{"line":238,"column":24}}},"43":{"name":"get","line":243,"loc":{"start":{"line":243,"column":9},"end":{"line":243,"column":24}}},"44":{"name":"get","line":248,"loc":{"start":{"line":248,"column":9},"end":{"line":248,"column":24}}},"45":{"name":"get","line":253,"loc":{"start":{"line":253,"column":9},"end":{"line":253,"column":24}}},"46":{"name":"get","line":273,"loc":{"start":{"line":273,"column":9},"end":{"line":273,"column":24}}},"47":{"name":"get","line":278,"loc":{"start":{"line":278,"column":9},"end":{"line":278,"column":24}}},"48":{"name":"get","line":287,"loc":{"start":{"line":287,"column":9},"end":{"line":287,"column":24}}},"49":{"name":"get","line":292,"loc":{"start":{"line":292,"column":9},"end":{"line":292,"column":24}}},"50":{"name":"get","line":302,"loc":{"start":{"line":302,"column":9},"end":{"line":302,"column":24}}},"51":{"name":"get","line":307,"loc":{"start":{"line":307,"column":9},"end":{"line":307,"column":24}}},"52":{"name":"get","line":312,"loc":{"start":{"line":312,"column":9},"end":{"line":312,"column":24}}},"53":{"name":"get","line":317,"loc":{"start":{"line":317,"column":9},"end":{"line":317,"column":24}}},"54":{"name":"get","line":322,"loc":{"start":{"line":322,"column":9},"end":{"line":322,"column":24}}},"55":{"name":"get","line":327,"loc":{"start":{"line":327,"column":9},"end":{"line":327,"column":24}}},"56":{"name":"get","line":332,"loc":{"start":{"line":332,"column":9},"end":{"line":332,"column":24}}},"57":{"name":"get","line":337,"loc":{"start":{"line":337,"column":9},"end":{"line":337,"column":24}}},"58":{"name":"get","line":342,"loc":{"start":{"line":342,"column":9},"end":{"line":342,"column":24}}},"59":{"name":"download","line":350,"loc":{"start":{"line":350,"column":17},"end":{"line":350,"column":45}}}},"statementMap":{"1":{"start":{"line":3,"column":0},"end":{"line":3,"column":269}},"2":{"start":{"line":3,"column":101},"end":{"line":3,"column":119}},"3":{"start":{"line":3,"column":141},"end":{"line":3,"column":266}},"4":{"start":{"line":5,"column":0},"end":{"line":5,"column":564}},"5":{"start":{"line":5,"column":33},"end":{"line":5,"column":349}},"6":{"start":{"line":5,"column":76},"end":{"line":5,"column":347}},"7":{"start":{"line":5,"column":117},"end":{"line":5,"column":143}},"8":{"start":{"line":5,"column":144},"end":{"line":5,"column":199}},"9":{"start":{"line":5,"column":200},"end":{"line":5,"column":231}},"10":{"start":{"line":5,"column":232},"end":{"line":5,"column":286}},"11":{"start":{"line":5,"column":259},"end":{"line":5,"column":286}},"12":{"start":{"line":5,"column":287},"end":{"line":5,"column":345}},"13":{"start":{"line":5,"column":350},"end":{"line":5,"column":559}},"14":{"start":{"line":5,"column":407},"end":{"line":5,"column":475}},"15":{"start":{"line":5,"column":423},"end":{"line":5,"column":475}},"16":{"start":{"line":5,"column":476},"end":{"line":5,"column":536}},"17":{"start":{"line":5,"column":493},"end":{"line":5,"column":536}},"18":{"start":{"line":5,"column":537},"end":{"line":5,"column":556}},"19":{"start":{"line":7,"column":0},"end":{"line":7,"column":153}},"20":{"start":{"line":7,"column":50},"end":{"line":7,"column":151}},"21":{"start":{"line":7,"column":92},"end":{"line":7,"column":149}},"22":{"start":{"line":9,"column":0},"end":{"line":9,"column":50}},"23":{"start":{"line":10,"column":0},"end":{"line":10,"column":29}},"24":{"start":{"line":11,"column":0},"end":{"line":11,"column":36}},"25":{"start":{"line":12,"column":0},"end":{"line":12,"column":23}},"26":{"start":{"line":13,"column":0},"end":{"line":13,"column":31}},"27":{"start":{"line":14,"column":0},"end":{"line":14,"column":23}},"28":{"start":{"line":15,"column":0},"end":{"line":15,"column":27}},"29":{"start":{"line":16,"column":0},"end":{"line":16,"column":40}},"30":{"start":{"line":17,"column":0},"end":{"line":17,"column":31}},"31":{"start":{"line":18,"column":0},"end":{"line":18,"column":39}},"32":{"start":{"line":20,"column":0},"end":{"line":348,"column":4}},"33":{"start":{"line":21,"column":2},"end":{"line":32,"column":3}},"34":{"start":{"line":22,"column":4},"end":{"line":22,"column":46}},"35":{"start":{"line":24,"column":4},"end":{"line":24,"column":21}},"36":{"start":{"line":26,"column":4},"end":{"line":26,"column":20}},"37":{"start":{"line":27,"column":4},"end":{"line":31,"column":5}},"38":{"start":{"line":28,"column":6},"end":{"line":28,"column":28}},"39":{"start":{"line":30,"column":6},"end":{"line":30,"column":73}},"40":{"start":{"line":34,"column":2},"end":{"line":345,"column":6}},"41":{"start":{"line":37,"column":6},"end":{"line":37,"column":23}},"42":{"start":{"line":39,"column":6},"end":{"line":49,"column":9}},"43":{"start":{"line":40,"column":8},"end":{"line":48,"column":9}},"44":{"start":{"line":41,"column":10},"end":{"line":41,"column":35}},"45":{"start":{"line":42,"column":15},"end":{"line":48,"column":9}},"46":{"start":{"line":43,"column":10},"end":{"line":43,"column":37}},"47":{"start":{"line":45,"column":10},"end":{"line":47,"column":13}},"48":{"start":{"line":46,"column":12},"end":{"line":46,"column":45}},"49":{"start":{"line":54,"column":6},"end":{"line":54,"column":24}},"50":{"start":{"line":56,"column":6},"end":{"line":63,"column":9}},"51":{"start":{"line":57,"column":8},"end":{"line":62,"column":9}},"52":{"start":{"line":58,"column":10},"end":{"line":58,"column":48}},"53":{"start":{"line":59,"column":10},"end":{"line":59,"column":46}},"54":{"start":{"line":61,"column":10},"end":{"line":61,"column":36}},"55":{"start":{"line":68,"column":6},"end":{"line":71,"column":7}},"56":{"start":{"line":69,"column":8},"end":{"line":69,"column":45}},"57":{"start":{"line":70,"column":8},"end":{"line":70,"column":47}},"58":{"start":{"line":72,"column":6},"end":{"line":72,"column":38}},"59":{"start":{"line":77,"column":6},"end":{"line":77,"column":24}},"60":{"start":{"line":79,"column":6},"end":{"line":98,"column":9}},"61":{"start":{"line":80,"column":8},"end":{"line":96,"column":9}},"62":{"start":{"line":81,"column":10},"end":{"line":93,"column":14}},"63":{"start":{"line":82,"column":12},"end":{"line":84,"column":16}},"64":{"start":{"line":82,"column":39},"end":{"line":84,"column":16}},"65":{"start":{"line":86,"column":12},"end":{"line":86,"column":57}},"66":{"start":{"line":87,"column":12},"end":{"line":92,"column":14}},"67":{"start":{"line":89,"column":16},"end":{"line":89,"column":40}},"68":{"start":{"line":89,"column":25},"end":{"line":89,"column":40}},"69":{"start":{"line":90,"column":16},"end":{"line":90,"column":37}},"70":{"start":{"line":95,"column":10},"end":{"line":95,"column":102}},"71":{"start":{"line":95,"column":88},"end":{"line":95,"column":102}},"72":{"start":{"line":97,"column":8},"end":{"line":97,"column":31}},"73":{"start":{"line":103,"column":6},"end":{"line":103,"column":102}},"74":{"start":{"line":104,"column":6},"end":{"line":107,"column":9}},"75":{"start":{"line":105,"column":8},"end":{"line":105,"column":32}},"76":{"start":{"line":105,"column":17},"end":{"line":105,"column":32}},"77":{"start":{"line":106,"column":8},"end":{"line":106,"column":22}},"78":{"start":{"line":112,"column":6},"end":{"line":112,"column":122}},"79":{"start":{"line":117,"column":6},"end":{"line":117,"column":24}},"80":{"start":{"line":119,"column":6},"end":{"line":119,"column":51}},"81":{"start":{"line":120,"column":6},"end":{"line":127,"column":8}},"82":{"start":{"line":128,"column":6},"end":{"line":135,"column":9}},"83":{"start":{"line":129,"column":8},"end":{"line":132,"column":9}},"84":{"start":{"line":131,"column":10},"end":{"line":131,"column":59}},"85":{"start":{"line":134,"column":8},"end":{"line":134,"column":71}},"86":{"start":{"line":140,"column":6},"end":{"line":140,"column":70}},"87":{"start":{"line":140,"column":25},"end":{"line":140,"column":70}},"88":{"start":{"line":141,"column":6},"end":{"line":141,"column":83}},"89":{"start":{"line":142,"column":6},"end":{"line":142,"column":33}},"90":{"start":{"line":147,"column":6},"end":{"line":147,"column":111}},"91":{"start":{"line":152,"column":6},"end":{"line":152,"column":24}},"92":{"start":{"line":154,"column":6},"end":{"line":154,"column":39}},"93":{"start":{"line":155,"column":6},"end":{"line":159,"column":9}},"94":{"start":{"line":156,"column":8},"end":{"line":156,"column":32}},"95":{"start":{"line":156,"column":17},"end":{"line":156,"column":32}},"96":{"start":{"line":157,"column":8},"end":{"line":157,"column":40}},"97":{"start":{"line":158,"column":8},"end":{"line":158,"column":66}},"98":{"start":{"line":164,"column":6},"end":{"line":164,"column":64}},"99":{"start":{"line":164,"column":47},"end":{"line":164,"column":64}},"100":{"start":{"line":165,"column":6},"end":{"line":169,"column":7}},"101":{"start":{"line":166,"column":8},"end":{"line":166,"column":139}},"102":{"start":{"line":168,"column":8},"end":{"line":168,"column":131}},"103":{"start":{"line":171,"column":6},"end":{"line":171,"column":23}},"104":{"start":{"line":176,"column":6},"end":{"line":176,"column":24}},"105":{"start":{"line":178,"column":6},"end":{"line":178,"column":67}},"106":{"start":{"line":179,"column":6},"end":{"line":185,"column":9}},"107":{"start":{"line":180,"column":8},"end":{"line":180,"column":65}},"108":{"start":{"line":180,"column":50},"end":{"line":180,"column":65}},"109":{"start":{"line":181,"column":8},"end":{"line":184,"column":11}},"110":{"start":{"line":182,"column":10},"end":{"line":182,"column":34}},"111":{"start":{"line":182,"column":19},"end":{"line":182,"column":34}},"112":{"start":{"line":183,"column":10},"end":{"line":183,"column":24}},"113":{"start":{"line":190,"column":6},"end":{"line":190,"column":24}},"114":{"start":{"line":192,"column":6},"end":{"line":192,"column":23}},"115":{"start":{"line":193,"column":6},"end":{"line":195,"column":7}},"116":{"start":{"line":194,"column":8},"end":{"line":194,"column":47}},"117":{"start":{"line":196,"column":6},"end":{"line":196,"column":93}},"118":{"start":{"line":197,"column":6},"end":{"line":204,"column":9}},"119":{"start":{"line":198,"column":8},"end":{"line":198,"column":35}},"120":{"start":{"line":200,"column":8},"end":{"line":203,"column":11}},"121":{"start":{"line":201,"column":10},"end":{"line":201,"column":38}},"122":{"start":{"line":201,"column":21},"end":{"line":201,"column":38}},"123":{"start":{"line":202,"column":10},"end":{"line":202,"column":18}},"124":{"start":{"line":209,"column":6},"end":{"line":209,"column":207}},"125":{"start":{"line":214,"column":6},"end":{"line":214,"column":84}},"126":{"start":{"line":219,"column":6},"end":{"line":219,"column":95}},"127":{"start":{"line":224,"column":6},"end":{"line":224,"column":41}},"128":{"start":{"line":229,"column":6},"end":{"line":229,"column":69}},"129":{"start":{"line":234,"column":6},"end":{"line":234,"column":79}},"130":{"start":{"line":239,"column":6},"end":{"line":239,"column":50}},"131":{"start":{"line":244,"column":6},"end":{"line":244,"column":30}},"132":{"start":{"line":249,"column":6},"end":{"line":249,"column":78}},"133":{"start":{"line":254,"column":6},"end":{"line":254,"column":49}},"134":{"start":{"line":255,"column":6},"end":{"line":255,"column":51}},"135":{"start":{"line":257,"column":6},"end":{"line":269,"column":7}},"136":{"start":{"line":258,"column":8},"end":{"line":258,"column":53}},"137":{"start":{"line":259,"column":13},"end":{"line":269,"column":7}},"138":{"start":{"line":260,"column":8},"end":{"line":260,"column":47}},"139":{"start":{"line":261,"column":13},"end":{"line":269,"column":7}},"140":{"start":{"line":262,"column":8},"end":{"line":262,"column":43}},"141":{"start":{"line":263,"column":13},"end":{"line":269,"column":7}},"142":{"start":{"line":264,"column":8},"end":{"line":264,"column":53}},"143":{"start":{"line":265,"column":13},"end":{"line":269,"column":7}},"144":{"start":{"line":266,"column":8},"end":{"line":266,"column":50}},"145":{"start":{"line":268,"column":8},"end":{"line":268,"column":45}},"146":{"start":{"line":274,"column":6},"end":{"line":274,"column":49}},"147":{"start":{"line":279,"column":6},"end":{"line":279,"column":25}},"148":{"start":{"line":280,"column":6},"end":{"line":280,"column":67}},"149":{"start":{"line":280,"column":42},"end":{"line":280,"column":67}},"150":{"start":{"line":281,"column":6},"end":{"line":281,"column":85}},"151":{"start":{"line":281,"column":51},"end":{"line":281,"column":85}},"152":{"start":{"line":283,"column":6},"end":{"line":283,"column":19}},"153":{"start":{"line":288,"column":6},"end":{"line":288,"column":56}},"154":{"start":{"line":293,"column":6},"end":{"line":293,"column":27}},"155":{"start":{"line":294,"column":6},"end":{"line":296,"column":7}},"156":{"start":{"line":295,"column":8},"end":{"line":295,"column":26}},"157":{"start":{"line":298,"column":6},"end":{"line":298,"column":23}},"158":{"start":{"line":303,"column":6},"end":{"line":303,"column":38}},"159":{"start":{"line":308,"column":6},"end":{"line":308,"column":40}},"160":{"start":{"line":313,"column":6},"end":{"line":313,"column":37}},"161":{"start":{"line":318,"column":6},"end":{"line":318,"column":45}},"162":{"start":{"line":323,"column":6},"end":{"line":323,"column":43}},"163":{"start":{"line":328,"column":6},"end":{"line":328,"column":39}},"164":{"start":{"line":333,"column":6},"end":{"line":333,"column":71}},"165":{"start":{"line":338,"column":6},"end":{"line":338,"column":47}},"166":{"start":{"line":343,"column":6},"end":{"line":343,"column":31}},"167":{"start":{"line":347,"column":2},"end":{"line":347,"column":28}},"168":{"start":{"line":350,"column":0},"end":{"line":353,"column":2}},"169":{"start":{"line":351,"column":2},"end":{"line":351,"column":48}},"170":{"start":{"line":352,"column":2},"end":{"line":352,"column":37}}},"branchMap":{"1":{"line":3,"type":"cond-expr","locations":[{"start":{"line":3,"column":84},"end":{"line":3,"column":121}},{"start":{"line":3,"column":124},"end":{"line":3,"column":268}}]},"2":{"line":3,"type":"binary-expr","locations":[{"start":{"line":3,"column":14},"end":{"line":3,"column":42}},{"start":{"line":3,"column":46},"end":{"line":3,"column":81}}]},"3":{"line":3,"type":"cond-expr","locations":[{"start":{"line":3,"column":244},"end":{"line":3,"column":252}},{"start":{"line":3,"column":255},"end":{"line":3,"column":265}}]},"4":{"line":3,"type":"binary-expr","locations":[{"start":{"line":3,"column":148},"end":{"line":3,"column":151}},{"start":{"line":3,"column":155},"end":{"line":3,"column":183}},{"start":{"line":3,"column":187},"end":{"line":3,"column":213}},{"start":{"line":3,"column":217},"end":{"line":3,"column":241}}]},"5":{"line":5,"type":"binary-expr","locations":[{"start":{"line":5,"column":168},"end":{"line":5,"column":189}},{"start":{"line":5,"column":193},"end":{"line":5,"column":198}}]},"6":{"line":5,"type":"if","locations":[{"start":{"line":5,"column":232},"end":{"line":5,"column":232}},{"start":{"line":5,"column":232},"end":{"line":5,"column":232}}]},"7":{"line":5,"type":"if","locations":[{"start":{"line":5,"column":407},"end":{"line":5,"column":407}},{"start":{"line":5,"column":407},"end":{"line":5,"column":407}}]},"8":{"line":5,"type":"if","locations":[{"start":{"line":5,"column":476},"end":{"line":5,"column":476}},{"start":{"line":5,"column":476},"end":{"line":5,"column":476}}]},"9":{"line":7,"type":"if","locations":[{"start":{"line":7,"column":50},"end":{"line":7,"column":50}},{"start":{"line":7,"column":50},"end":{"line":7,"column":50}}]},"10":{"line":40,"type":"if","locations":[{"start":{"line":40,"column":8},"end":{"line":40,"column":8}},{"start":{"line":40,"column":8},"end":{"line":40,"column":8}}]},"11":{"line":40,"type":"binary-expr","locations":[{"start":{"line":40,"column":12},"end":{"line":40,"column":18}},{"start":{"line":40,"column":22},"end":{"line":40,"column":34}}]},"12":{"line":42,"type":"if","locations":[{"start":{"line":42,"column":15},"end":{"line":42,"column":15}},{"start":{"line
[...]
,"18":{"line":89,"type":"if","locations":[{"start":{"line":89,"column":16},"end":{"line":89,"column":16}},{"start":{"line":89,"column":16},"end":{"line":89,"column":16}}]},"19":{"line":95,"type":"if","locations":[{"start":{"line":95,"column":10},"end":{"line":95,"column":10}},{"start":{"line":95,"column":10},"end":{"line":95,"column":10}}]},"20":{"line":95,"type":"cond-expr","locations":[{"start":{"line":95,"column":45},"end":{"line":95,"column":56}},{"start":{"line":95,"column":59},"end":{"line":95,"column":72}}]},"21":{"line":105,"type":"if","locations":[{"start":{"line":105,"column":8},"end":{"line":105,"column":8}},{"start":{"line":105,"column":8},"end":{"line":105,"column":8}}]},"22":{"line":129,"type":"if","locations":[{"start":{"line":129,"column":8},"end":{"line":129,"column":8}},{"start":{"line":129,"column":8},"end":{"line":129,"column":8}}]},"23":{"line":140,"type":"if","locations":[{"start":{"line":140,"column":6},"end":{"line":140,"column":6}},{"start":{"line":140,"column":6},"end":{"line":140,"column":6}}]},"24":{"line":156,"type":"if","locations":[{"start":{"line":156,"column":8},"end":{"line":156,"column":8}},{"start":{"line":156,"column":8},"end":{"line":156,"column":8}}]},"25":{"line":164,"type":"if","locations":[{"start":{"line":164,"column":6},"end":{"line":164,"column":6}},{"start":{"line":164,"column":6},"end":{"line":164,"column":6}}]},"26":{"line":165,"type":"if","locations":[{"start":{"line":165,"column":6},"end":{"line":165,"column":6}},{"start":{"line":165,"column":6},"end":{"line":165,"column":6}}]},"27":{"line":180,"type":"if","locations":[{"start":{"line":180,"column":8},"end":{"line":180,"column":8}},{"start":{"line":180,"column":8},"end":{"line":180,"column":8}}]},"28":{"line":180,"type":"binary-expr","locations":[{"start":{"line":180,"column":12},"end":{"line":180,"column":23}},{"start":{"line":180,"column":27},"end":{"line":180,"column":48}}]},"29":{"line":182,"type":"if","locations":[{"start":{"line":182,"column":10},"end":{"line":182,"column":10}},{"start":{"line":182,"column":10},"end":{"line":182,"column":10}}]},"30":{"line":193,"type":"if","locations":[{"start":{"line":193,"column":6},"end":{"line":193,"column":6}},{"start":{"line":193,"column":6},"end":{"line":193,"column":6}}]},"31":{"line":201,"type":"if","locations":[{"start":{"line":201,"column":10},"end":{"line":201,"column":10}},{"start":{"line":201,"column":10},"end":{"line":201,"column":10}}]},"32":{"line":209,"type":"binary-expr","locations":[{"start":{"line":209,"column":13},"end":{"line":209,"column":51}},{"start":{"line":209,"column":55},"end":{"line":209,"column":93}},{"start":{"line":209,"column":97},"end":{"line":209,"column":124}},{"start":{"line":209,"column":128},"end":{"line":209,"column":144}},{"start":{"line":209,"column":148},"end":{"line":209,"column":206}}]},"33":{"line":214,"type":"binary-expr","locations":[{"start":{"line":214,"column":13},"end":{"line":214,"column":44}},{"start":{"line":214,"column":48},"end":{"line":214,"column":67}},{"start":{"line":214,"column":71},"end":{"line":214,"column":83}}]},"34":{"line":219,"type":"binary-expr","locations":[{"start":{"line":219,"column":13},"end":{"line":219,"column":49}},{"start":{"line":219,"column":53},"end":{"line":219,"column":77}},{"start":{"line":219,"column":81},"end":{"line":219,"column":94}}]},"35":{"line":224,"type":"binary-expr","locations":[{"start":{"line":224,"column":13},"end":{"line":224,"column":27}},{"start":{"line":224,"column":31},"end":{"line":224,"column":40}}]},"36":{"line":229,"type":"binary-expr","locations":[{"start":{"line":229,"column":13},"end":{"line":229,"column":28}},{"start":{"line":229,"column":32},"end":{"line":229,"column":68}}]},"37":{"line":257,"type":"if","locations":[{"start":{"line":257,"column":6},"end":{"line":257,"column":6}},{"start":{"line":257,"column":6},"end":{"line":257,"column":6}}]},"38":{"line":259,"type":"if","locations":[{"start":{"line":259,"column":13},"end":{"line":259,"column":13}},{"start":{"line":259,"column":13},"end":{"line":259,"column":13}}]},"39":{"line":261,"type":"if","locations":[{"start":{"line":261,"column":13},"end":{"line":261,"column":13}},{"start":{"line":261,"column":13},"end":{"line":261,"column":13}}]},"40":{"line":263,"type":"if","locations":[{"start":{"line":263,"column":13},"end":{"line":263,"column":13}},{"start":{"line":263,"column":13},"end":{"line":263,"column":13}}]},"41":{"line":265,"type":"if","locations":[{"start":{"line":265,"column":13},"end":{"line":265,"column":13}},{"start":{"line":265,"column":13},"end":{"line":265,"column":13}}]},"42":{"line":274,"type":"binary-expr","locations":[{"start":{"line":274,"column":13},"end":{"line":274,"column":31}},{"start":{"line":274,"column":35},"end":{"line":274,"column":48}}]},"43":{"line":280,"type":"if","locations":[{"start":{"line":280,"column":6},"end":{"line":280,"column":6}},{"start":{"line":280,"column":6},"end":{"line":280,"column":6}}]},"44":{"line":280,"type":"binary-expr","locations":[{"start":{"line":280,"column":10},"end":{"line":280,"column":20}},{"start":{"line":280,"column":24},"end":{"line":280,"column":40}}]},"45":{"line":281,"type":"if","locations":[{"start":{"line":281,"column":6},"end":{"line":281,"column":6}},{"start":{"line":281,"column":6},"end":{"line":281,"column":6}}]},"46":{"line":281,"type":"binary-expr","locations":[{"start":{"line":281,"column":10},"end":{"line":281,"column":20}},{"start":{"line":281,"column":24},"end":{"line":281,"column":49}}]},"47":{"line":288,"type":"binary-expr","locations":[{"start":{"line":288,"column":13},"end":{"line":288,"column":28}},{"start":{"line":288,"column":32},"end":{"line":288,"column":55}}]},"48":{"line":294,"type":"if","locations":[{"start":{"line":294,"column":6},"end":{"line":294,"column":6}},{"start":{"line":294,"column":6},"end":{"line":294,"column":6}}]},"49":{"line":294,"type":"binary-expr","locations":[{"start":{"line":294,"column":10},"end":{"line":294,"column":39}},{"start":{"line":294,"column":43},"end":{"line":294,"column":77}}]},"50":{"line":303,"type":"binary-expr","locations":[{"start":{"line":303,"column":13},"end":{"line":303,"column":28}},{"start":{"line":303,"column":32},"end":{"line":303,"column":37}}]},"51":{"line":308,"type":"binary-expr","locations":[{"start":{"line":308,"column":13},"end":{"line":308,"column":30}},{"start":{"line":308,"column":34},"end":{"line":308,"column":39}}]},"52":{"line":313,"type":"binary-expr","locations":[{"start":{"line":313,"column":13},"end":{"line":313,"column":27}},{"start":{"line":313,"column":31},"end":{"line":313,"column":36}}]},"53":{"line":318,"type":"binary-expr","locations":[{"start":{"line":318,"column":13},"end":{"line":318,"column":35}},{"start":{"line":318,"column":39},"end":{"line":318,"column":44}}]},"54":{"line":323,"type":"binary-expr","locations":[{"start":{"line":323,"column":13},"end":{"line":323,"column":33}},{"start":{"line":323,"column":37},"end":{"line":323,"column":42}}]},"55":{"line":328,"type":"binary-expr","locations":[{"start":{"line":328,"column":13},"end":{"line":328,"column":29}},{"start":{"line":328,"column":33},"end":{"line":328,"column":38}}]}},"code":["'use strict';","","var _typeof = typeof Symbol === \"function\" && typeof Symbol.iterator === \"symbol\" ? function (obj) { return typeof obj; } : function (obj) { return obj && typeof Symbol === \"function\" && obj.constructor === Symbol && obj !== Symbol.prototype ? \"symbol\" : typeof obj; };","","var _createClass = function () { function defineProperties(target, props) { for (var i = 0; i < props.length; i++) { var descriptor = props[i]; descriptor.enumerable = descriptor.enumerable || false; descriptor.configurable = true; if (\"value\" in descriptor) descriptor.writable = true; Object.defineProperty(target, descriptor.key, descriptor); } } return function (Constructor, protoProps, staticProps) { if (protoProps) defineProperties(Constructor.prototype, protoProps); if (staticProps) defineProperties(Constructor, staticProps); return Constructor; }; }();","","function _classCallCheck(instance, Constructor) { if (!(instance instanceof Constructor)) { throw new TypeError(\"Cannot call a class as a function\"); } }","","var debug = require('debug')('electron-download');","var fs = require('fs-extra');","var homePath = require('home-path');","var rc = require('rc');","var nugget = require('nugget');","var os = require('os');","var path = require('path');","var pathExists = require('path-exists');","var semver = require('semver');","var sumchecker = require('sumchecker');","","var ElectronDownloader = function () {","  function ElectronDownloader(opts) {","    _classCallCheck(this, ElectronDownloader);","","    this.opts = opts;","","    this.npmrc = {};","    try {","      rc('npm', this.npmrc);","    } catch (error) {","      console.error('Error reading npm configuration: ' + error.message);","    }","  }","","  _createClass(ElectronDownloader, [{","    key: 'checkForCachedChecksum',","    value: function checkForCachedChecksum(cb) {","      var _this = this;","","      pathExists(this.cachedChecksum).then(function (exists) {","        if (exists && !_this.force) {","          _this.verifyChecksum(cb);","        } else if (_this.tmpdir) {","          _this.downloadChecksum(cb);","        } else {","          _this.createTempDir(cb, function (callback) {","            _this.downloadChecksum(callback);","          });","        }","      });","    }","  }, {","    key: 'checkForCachedZip',","    value: function checkForCachedZip(cb) {","      var _this2 = this;","","      pathExists(this.cachedZip).then(function (exists) {","        if (exists && !_this2.force) {","          debug('zip exists', _this2.cachedZip);","          _this2.checkIfZipNeedsVerifying(cb);","        } else {","          _this2.ensureCacheDir(cb);","        }","      });","    }","  }, {","    key: 'checkIfZipNeedsVerifying',","    value: function checkIfZipNeedsVerifying(cb) {","      if (this.verifyChecksumNeeded) {","        debug('Verifying zip with checksum');","        return this.checkForCachedChecksum(cb);","      }","      return cb(null, this.cachedZip);","    }","  }, {","    key: 'createCacheDir',","    value: function createCacheDir(cb) {","      var _this3 = this;","","      fs.mkdirs(this.cache, function (err) {","        if (err) {","          var _ret = function () {","            if (err.code !== 'EACCES') return {","                v: cb(err)","              };","            // try local folder if homedir is off limits (e.g. some linuxes return '/' as homedir)","            var localCache = path.resolve('./.electron');","            return {","              v: fs.mkdirs(localCache, function (err) {","                if (err) return cb(err);","                cb(null, localCache);","              })","            };","          }();","","          if ((typeof _ret === 'undefined' ? 'undefined' : _typeof(_ret)) === \"object\") return _ret.v;","        }","        cb(null, _this3.cache);","      });","    }","  }, {","    key: 'createTempDir',","    value: function createTempDir(cb, onSuccess) {","      this.tmpdir = path.join(os.tmpdir(), 'electron-tmp-download-' + process.pid + '-' + Date.now());","      fs.mkdirs(this.tmpdir, function (err) {","        if (err) return cb(err);","        onSuccess(cb);","      });","    }","  }, {","    key: 'downloadChecksum',","    value: function downloadChecksum(cb) {","      this.downloadFile(this.checksumUrl, this.checksumFilename, this.cachedChecksum, cb, this.verifyChecksum.bind(this));","    }","  }, {","    key: 'downloadFile',","    value: function downloadFile(url, filename, cacheFilename, cb, onSuccess) {","      var _this4 = this;","","      debug('downloading', url, 'to', this.tmpdir);","      var nuggetOpts = {","        target: filename,","        dir: this.tmpdir,","        resume: true,","        quiet: this.quiet,","        strictSSL: this.strictSSL,","        proxy: this.proxy","      };","      nugget(url, nuggetOpts, function (errors) {","        if (errors) {","          // nugget returns an array of errors but we only need 1st because we only have 1 url","          return _this4.handleDownloadError(cb, errors[0]);","        }","","        _this4.moveFileToCache(filename, cacheFilename, cb, onSuccess);","      });","    }","  }, {","    key: 'downloadIfNotCached',","    value: function downloadIfNotCached(cb) {","      if (!this.version) return cb(new Error('must specify version'));","      debug('info', { cache: this.cache, filename: this.filename, url: this.url });","      this.checkForCachedZip(cb);","    }","  }, {","    key: 'downloadZip',","    value: function downloadZip(cb) {","      this.downloadFile(this.url, this.filename, this.cachedZip, cb, this.checkIfZipNeedsVerifying.bind(this));","    }","  }, {","    key: 'ensureCacheDir',","    value: function ensureCacheDir(cb) {","      var _this5 = this;","","      debug('creating cache/tmp dirs');","      this.createCacheDir(function (err, actualCache) {","        if (err) return cb(err);","        _this5.opts.cache = actualCache; // in case cache dir changed","        _this5.createTempDir(cb, _this5.downloadZip.bind(_this5));","      });","    }","  }, {","    key: 'handleDownloadError',","    value: function handleDownloadError(cb, error) {","      if (error.message.indexOf('404') === -1) return cb(error);","      if (this.symbols) {","        error.message = 'Failed to find Electron symbols v' + this.version + ' for ' + this.platform + '-' + this.arch + ' at ' + this.url;","      } else {","        error.message = 'Failed to find Electron v' + this.version + ' for ' + this.platform + '-' + this.arch + ' at ' + this.url;","      }","","      return cb(error);","    }","  }, {","    key: 'moveFileToCache',","    value: function moveFileToCache(filename, target, cb, onSuccess) {","      var _this6 = this;","","      debug('moving', filename, 'from', this.tmpdir, 'to', target);","      fs.unlink(target, function (err) {","        if (err != null && err.code !== 'ENOENT') return cb(err);","        fs.move(path.join(_this6.tmpdir, filename), target, function (err) {","          if (err) return cb(err);","          onSuccess(cb);","        });","      });","    }","  }, {","    key: 'verifyChecksum',","    value: function verifyChecksum(cb) {","      var _this7 = this;","","      var options = {};","      if (semver.lt(this.version, '1.3.5')) {","        options.defaultTextEncoding = 'binary';","      }","      var checker = new sumchecker.ChecksumValidator('sha256', this.cachedChecksum, options);","      checker.validate(this.cache, this.filename).then(function () {","        cb(null, _this7.cachedZip);","      }, function (err) {","        fs.unlink(_this7.cachedZip, function (fsErr) {","          if (fsErr) return cb(fsErr);","          cb(err);","        });","      });","    }","  }, {","    key: 'baseUrl',","    get: function get() {","      return process.env.NPM_CONFIG_ELECTRON_MIRROR || process.env.npm_config_electron_mirror || process.env.ELECTRON_MIRROR || this.opts.mirror || 'https://github.com/electron/electron/releases/download/v';","    }","  }, {","    key: 'middleUrl',","    get: function get() {","      return process.env.ELECTRON_CUSTOM_DIR || this.opts.customDir || this.version;","    }","  }, {","    key: 'urlSuffix',","    get: function get() {","      return process.env.ELECTRON_CUSTOM_FILENAME || this.opts.customFilename || this.filename;","    }","  }, {","    key: 'arch',","    get: function get() {","      return this.opts.arch || os.arch();","    }","  }, {","    key: 'cache',","    get: function get() {","      return this.opts.cache || path.join(homePath(), './.electron');","    }","  }, {","    key: 'cachedChecksum',","    get: function get() {","      return path.join(this.cache, this.checksumFilename + '-' + this.version);","    }","  }, {","    key: 'cachedZip',","    get: function get() {","      return path.join(this.cache, this.filename);","    }","  }, {","    key: 'checksumFilename',","    get: function get() {","      return 'SHASUMS256.txt';","    }","  }, {","    key: 'checksumUrl',","    get: function get() {","      return '' + this.baseUrl + this.middleUrl + '/' + this.checksumFilename;","    }","  }, {","    key: 'filename',","    get: function get() {","      var type = this.platform + '-' + this.arch;","      var suffix = 'v' + this.version + '-' + type;","","      if (this.chromedriver) {","        return 'chromedriver-v2.21-' + type + '.zip';","      } else if (this.mksnapshot) {","        return 'mksnapshot-' + suffix + '.zip';","      } else if (this.ffmpeg) {","        return 'ffmpeg-' + suffix + '.zip';","      } else if (this.symbols) {","        return 'electron-' + suffix + '-symbols.zip';","      } else if (this.dsym) {","        return 'electron-' + suffix + '-dsym.zip';","      } else {","        return 'electron-' + suffix + '.zip';","      }","    }","  }, {","    key: 'platform',","    get: function get() {","      return this.opts.platform || os.platform();","    }","  }, {","    key: 'proxy',","    get: function get() {","      var proxy = void 0;","      if (this.npmrc && this.npmrc.proxy) proxy = this.npmrc.proxy;","      if (this.npmrc && this.npmrc['https-proxy']) proxy = this.npmrc['https-proxy'];","","      return proxy;","    }","  }, {","    key: 'quiet',","    get: function get() {","      return this.opts.quiet || process.stdout.rows < 1;","    }","  }, {","    key: 'strictSSL',","    get: function get() {","      var strictSSL = true;","      if (this.opts.strictSSL === false || this.npmrc['strict-ssl'] === false) {","        strictSSL = false;","      }","","      return strictSSL;","    }","  }, {","    key: 'force',","    get: function get() {","      return this.opts.force || false;","    }","  }, {","    key: 'symbols',","    get: function get() {","      return this.opts.symbols || false;","    }","  }, {","    key: 'dsym',","    get: function get() {","      return this.opts.dsym || false;","    }","  }, {","    key: 'chromedriver',","    get: function get() {","      return this.opts.chromedriver || false;","    }","  }, {","    key: 'mksnapshot',","    get: function get() {","      return this.opts.mksnapshot || false;","    }","  }, {","    key: 'ffmpeg',","    get: function get() {","      return this.opts.ffmpeg || false;","    }","  }, {","    key: 'url',","    get: function get() {","      return '' + this.baseUrl + this.middleUrl + '/' + this.urlSuffix;","    }","  }, {","    key: 'verifyChecksumNeeded',","    get: function get() {","      return semver.gte(this.version, '1.3.2');","    }","  }, {","    key: 'version',","    get: function get() {","      return this.opts.version;","    }","  }]);","","  return ElectronDownloader;","}();","","module.exports = function download(opts, cb) {","  var downloader = new ElectronDownloader(opts);","  downloader.downloadIfNotCached(cb);","};"],"l":{"3":1,"5":36,"7":1,"9":1,"10":1,"11":1,"12":1,"13":1,"14":1,"15":1,"16":1,"17":1,"18":1,"20":1,"21":1,"22":1,"24":1,"26":1,"27":1,"28":1,"30":0,"34":1,"37":1,"39":1,"40":1,"41":1,"42":0,"43":0,"45":0,"46":0,"54":1,"56":1,"57":1,"58":1,"59":1,"61":0,"68":1,"69":1,"70":1,"72":0,"77":0,"79":0,"80":0,"81":0,"82":0,"86":0,"87":0,"89":0,"90":0,"95":0,"97":0,"103":0,"104":0,"105":0,"106":0,"112":0,"117":0,"119":0,"120":0,"128":0,"129":0,"131":0,"134":0,"140":1,"141":1,"142":1,"147":0,"152":0,"154":0,"155":0,"156":0,"157":0,"158":0,"164":0,"165":0,"166":0,"168":0,"171":0,"176":0,"178":0,"179":0,"180":0,"181":0,"182":0,"183":0,"190":1,"192":1,"193":1,"194":0,"196":1,"197":1,"198":1,"200":0,"201":0,"202":0,"209":1,"214":1,"219":1,"224":6,"229":7,"234":2,"239":3,"244":2,"249":0,"254":6,"255":6,"257":6,"258":0,"259":6,"260":0,"261":6,"262":0,"263":6,"264":0,"265":6,"266":0,"268":6,"274":6,"279":0,"280":0,"281":0,"283":0,"288":0,"293":0,"294":0,"295":0,"298":0,"303":2,"308":6,"313":6,"318":6,"323":6,"328":6,"333":1,"338":1,"343":12,"347":1,"350":1,"351":1,"352":1}}}